#
# There is insufficient memory for the Java Runtime Environment to continue.
# Native memory allocation (malloc) failed to allocate 1399040 bytes. Error detail: Chunk::new
# Possible reasons:
#   The system is out of physical RAM or swap space
#   This process is running with CompressedOops enabled, and the Java Heap may be blocking the growth of the native heap
# Possible solutions:
#   Reduce memory load on the system
#   Increase physical memory or swap space
#   Check if swap backing store is full
#   Decrease Java heap size (-Xmx/-Xms)
#   Decrease number of Java threads
#   Decrease Java thread stack sizes (-Xss)
#   Set larger code cache with -XX:ReservedCodeCacheSize=
#   JVM is running with Unscaled Compressed Oops mode in which the Java heap is
#     placed in the first 4GB address space. The Java Heap base address is the
#     maximum limit for the native heap growth. Please use -XX:HeapBaseMinAddress
#     to set the Java Heap base and to place the Java Heap above 4GB virtual address.
# This output file may be truncated or incomplete.
#
#  Out of Memory Error (arena.cpp:168), pid=2392, tid=20448
#
# JRE version: OpenJDK Runtime Environment Temurin-21.0.6+7 (21.0.6+7) (build 21.0.6+7-LTS)
# Java VM: OpenJDK 64-Bit Server VM Temurin-21.0.6+7 (21.0.6+7-LTS, mixed mode, sharing, tiered, compressed oops, compressed class ptrs, parallel gc, windows-amd64)
# No core dump will be written. Minidumps are not enabled by default on client versions of Windows
#

---------------  S U M M A R Y ------------

Command Line: --add-modules=ALL-SYSTEM --add-opens=java.base/java.util=ALL-UNNAMED --add-opens=java.base/java.lang=ALL-UNNAMED --add-opens=java.base/sun.nio.fs=ALL-UNNAMED -Declipse.application=org.eclipse.jdt.ls.core.id1 -Dosgi.bundles.defaultStartLevel=4 -Declipse.product=org.eclipse.jdt.ls.core.product -Djava.import.generatesMetadataFilesAtProjectRoot=false -DDetectVMInstallationsJob.disabled=true -Dfile.encoding=utf8 -XX:+UseParallelGC -XX:GCTimeRatio=4 -XX:AdaptiveSizePolicyWeight=90 -Dsun.zip.disableMemoryMapping=true -Xmx1G -Xms100m -Xlog:disable -javaagent:c:\Users\Jake\.vscode\extensions\redhat.java-1.40.0-win32-x64\lombok\lombok-1.18.36.jar -XX:+HeapDumpOnOutOfMemoryError -XX:HeapDumpPath=c:\Users\Jake\AppData\Roaming\Code\User\workspaceStorage\1d69903e879d3bd5bf9cc7121269b842\redhat.java -Daether.dependencyCollector.impl=bf c:\Users\Jake\.vscode\extensions\redhat.java-1.40.0-win32-x64\server\plugins\org.eclipse.equinox.launcher_1.6.1000.v20250131-0606.jar -configuration c:\Users\Jake\AppData\Roaming\Code\User\globalStorage\redhat.java\1.40.0\config_win -data c:\Users\Jake\AppData\Roaming\Code\User\workspaceStorage\1d69903e879d3bd5bf9cc7121269b842\redhat.java\jdt_ws --pipe=\\.\pipe\lsp-7810d42a40fb5448a1a7cf9e63ca2998-sock

Host: 13th Gen Intel(R) Core(TM) i5-13500T, 20 cores, 7G,  Windows 11 , 64 bit Build 22621 (10.0.22621.4830)
Time: Wed Mar 19 18:22:14 2025 W. Central Africa Standard Time elapsed time: 3399.481116 seconds (0d 0h 56m 39s)

---------------  T H R E A D  ---------------

Current thread (0x000001a8f168ddd0):  JavaThread "C2 CompilerThread0" daemon [_thread_in_native, id=20448, stack(0x0000006f34f00000,0x0000006f35000000) (1024K)]


Current CompileTask:
C2:3399481 38880   !   4       org.eclipse.sisu.plexus.CompositeBeanHelper::setProperty (495 bytes)

Stack: [0x0000006f34f00000,0x0000006f35000000]
Native frames: (J=compiled Java code, j=interpreted, Vv=VM code, C=native code)
V  [jvm.dll+0x6cdee9]
V  [jvm.dll+0x8a83d1]
V  [jvm.dll+0x8aa8fe]
V  [jvm.dll+0x8aafe3]
V  [jvm.dll+0x27f706]
V  [jvm.dll+0xc500d]
V  [jvm.dll+0xc5543]
V  [jvm.dll+0x3b678c]
V  [jvm.dll+0x1e0009]
V  [jvm.dll+0x247b42]
V  [jvm.dll+0x246fcf]
V  [jvm.dll+0x1c75ee]
V  [jvm.dll+0x25685a]
V  [jvm.dll+0x254dfa]
V  [jvm.dll+0x3f0256]
V  [jvm.dll+0x851f8b]
V  [jvm.dll+0x6cc5ed]
C  [ucrtbase.dll+0x29333]
C  [KERNEL32.DLL+0x1259d]
C  [ntdll.dll+0x5af38]


---------------  P R O C E S S  ---------------

Threads class SMR info:
_java_thread_list=0x000001a8c16d3e00, length=94, elements={
0x000001a8dbb815c0, 0x000001a8f167a1f0, 0x000001a8f167b000, 0x000001a8f167e360,
0x000001a8f167f420, 0x000001a8f1688650, 0x000001a8f1689a00, 0x000001a8f168ddd0,
0x000001a8f16c0d60, 0x000001a8f16872a0, 0x000001a8f1687930, 0x000001a8f1687fc0,
0x000001a8f1686580, 0x000001a8f1686c10, 0x000001a8f1688ce0, 0x000001a8f1689370,
0x000001a8f81b8ea0, 0x000001a8f81b9bc0, 0x000001a8f81b9530, 0x000001a8f81bc320,
0x000001a8f81bf110, 0x000001a8f81be3f0, 0x000001a8f81baf70, 0x000001a8f81bea80,
0x000001a8f81bb600, 0x000001a8f81c04c0, 0x000001a8f81bbc90, 0x000001a8f81bd6d0,
0x000001a8f81bfe30, 0x000001a8f81bc9b0, 0x000001a8f9c35080, 0x000001a8f9c36ac0,
0x000001a8f9c35710, 0x000001a8f9c32290, 0x000001a8f9c35da0, 0x000001a8f9c36430,
0x000001a8f9c301c0, 0x000001a8f9c31c00, 0x000001a8f9c37150, 0x000001a8f9c32fb0,
0x000001a8f9c33640, 0x000001a8f9c30850, 0x000001a8f9c33cd0, 0x000001a8f9c34360,
0x000001a8f98b34e0, 0x000001a8f98b7d10, 0x000001a8f98b9750, 0x000001a8f98b4f20,
0x000001a8fa6bd310, 0x000001a8fa6be030, 0x000001a8f9c32920, 0x000001a8ff281b40,
0x000001a8ff282860, 0x000001a8ff283c10, 0x000001a8ff282ef0, 0x000001a8ff280e20,
0x000001a8f36e9ad0, 0x000001a8f36e31d0, 0x000001a8f9c377e0, 0x000001a8fa6b9170,
0x000001a8ff27f3e0, 0x000001a8ff280100, 0x000001a8fa6bd9a0, 0x000001a8f98b2e50,
0x000001a8f98ba470, 0x000001a8f98b3b70, 0x000001a8f98b7680, 0x000001a8f98b4890,
0x000001a8f98b55b0, 0x000001a8f98b83a0, 0x000001a8f98b6ff0, 0x000001a8f8c382d0,
0x000001a8f8c38ff0, 0x000001a8f8c35b70, 0x000001a8f8c39680, 0x000001a8f8c36890,
0x000001a8f8c3b0c0, 0x000001a8f8c3a3a0, 0x000001a8fa6ba520, 0x000001a8fa6be6c0,
0x000001a8fa6b7730, 0x000001a8fa6bed50, 0x000001a8fa6b7dc0, 0x000001a8fa6b9800,
0x000001a8f9b45650, 0x000001a8f9b44930, 0x000001a8f8c36f20, 0x000001a8f8c36200,
0x000001a8f8c347c0, 0x000001a8f8c34e50, 0x000001a8f9b4a510, 0x000001a8f9b44fc0,
0x000001a8f9b47090, 0x000001a8f9b442a0
}

Java Threads: ( => current thread )
  0x000001a8dbb815c0 JavaThread "main"                              [_thread_blocked, id=25888, stack(0x0000006f34500000,0x0000006f34600000) (1024K)]
  0x000001a8f167a1f0 JavaThread "Reference Handler"          daemon [_thread_blocked, id=59908, stack(0x0000006f34900000,0x0000006f34a00000) (1024K)]
  0x000001a8f167b000 JavaThread "Finalizer"                  daemon [_thread_blocked, id=52980, stack(0x0000006f34a00000,0x0000006f34b00000) (1024K)]
  0x000001a8f167e360 JavaThread "Signal Dispatcher"          daemon [_thread_blocked, id=22548, stack(0x0000006f34b00000,0x0000006f34c00000) (1024K)]
  0x000001a8f167f420 JavaThread "Attach Listener"            daemon [_thread_blocked, id=17616, stack(0x0000006f34c00000,0x0000006f34d00000) (1024K)]
  0x000001a8f1688650 JavaThread "Service Thread"             daemon [_thread_blocked, id=33500, stack(0x0000006f34d00000,0x0000006f34e00000) (1024K)]
  0x000001a8f1689a00 JavaThread "Monitor Deflation Thread"   daemon [_thread_blocked, id=61248, stack(0x0000006f34e00000,0x0000006f34f00000) (1024K)]
=>0x000001a8f168ddd0 JavaThread "C2 CompilerThread0"         daemon [_thread_in_native, id=20448, stack(0x0000006f34f00000,0x0000006f35000000) (1024K)]
  0x000001a8f16c0d60 JavaThread "C1 CompilerThread0"         daemon [_thread_blocked, id=47428, stack(0x0000006f35000000,0x0000006f35100000) (1024K)]
  0x000001a8f16872a0 JavaThread "Common-Cleaner"             daemon [_thread_blocked, id=35164, stack(0x0000006f35100000,0x0000006f35200000) (1024K)]
  0x000001a8f1687930 JavaThread "Notification Thread"        daemon [_thread_blocked, id=35048, stack(0x0000006f35500000,0x0000006f35600000) (1024K)]
  0x000001a8f1687fc0 JavaThread "Active Thread: Equinox Container: 235251bb-22fb-4041-bb8d-2d6fb8d64312"        [_thread_blocked, id=28004, stack(0x0000006f35d00000,0x0000006f35e00000) (1024K)]
  0x000001a8f1686580 JavaThread "Refresh Thread: Equinox Container: 235251bb-22fb-4041-bb8d-2d6fb8d64312" daemon [_thread_blocked, id=42224, stack(0x0000006f35300000,0x0000006f35400000) (1024K)]
  0x000001a8f1686c10 JavaThread "Framework Event Dispatcher: Equinox Container: 235251bb-22fb-4041-bb8d-2d6fb8d64312" daemon [_thread_blocked, id=50760, stack(0x0000006f35400000,0x0000006f35500000) (1024K)]
  0x000001a8f1688ce0 JavaThread "Start Level: Equinox Container: 235251bb-22fb-4041-bb8d-2d6fb8d64312" daemon [_thread_blocked, id=47148, stack(0x0000006f35c00000,0x0000006f35d00000) (1024K)]
  0x000001a8f1689370 JavaThread "Bundle File Closer"         daemon [_thread_blocked, id=41292, stack(0x0000006f35e00000,0x0000006f35f00000) (1024K)]
  0x000001a8f81b8ea0 JavaThread "SCR Component Actor"        daemon [_thread_blocked, id=55208, stack(0x0000006f36100000,0x0000006f36200000) (1024K)]
  0x000001a8f81b9bc0 JavaThread "Worker-JM"                         [_thread_blocked, id=52576, stack(0x0000006f36700000,0x0000006f36800000) (1024K)]
  0x000001a8f81b9530 JavaThread "JNA Cleaner"                daemon [_thread_blocked, id=47908, stack(0x0000006f36a00000,0x0000006f36b00000) (1024K)]
  0x000001a8f81bc320 JavaThread "Java indexing"              daemon [_thread_blocked, id=39856, stack(0x0000006f36d00000,0x0000006f36e00000) (1024K)]
  0x000001a8f81bf110 JavaThread "Thread-2"                   daemon [_thread_in_native, id=37024, stack(0x0000006f37200000,0x0000006f37300000) (1024K)]
  0x000001a8f81be3f0 JavaThread "Thread-3"                   daemon [_thread_in_native, id=9600, stack(0x0000006f37300000,0x0000006f37400000) (1024K)]
  0x000001a8f81baf70 JavaThread "Thread-4"                   daemon [_thread_in_native, id=24200, stack(0x0000006f37400000,0x0000006f37500000) (1024K)]
  0x000001a8f81bea80 JavaThread "Thread-5"                   daemon [_thread_in_native, id=38004, stack(0x0000006f37500000,0x0000006f37600000) (1024K)]
  0x000001a8f81bb600 JavaThread "Thread-6"                   daemon [_thread_in_native, id=33492, stack(0x0000006f37600000,0x0000006f37700000) (1024K)]
  0x000001a8f81c04c0 JavaThread "Thread-7"                   daemon [_thread_in_native, id=50876, stack(0x0000006f37700000,0x0000006f37800000) (1024K)]
  0x000001a8f81bbc90 JavaThread "Thread-8"                   daemon [_thread_in_native, id=3468, stack(0x0000006f37800000,0x0000006f37900000) (1024K)]
  0x000001a8f81bd6d0 JavaThread "Thread-9"                   daemon [_thread_in_native, id=43720, stack(0x0000006f37900000,0x0000006f37a00000) (1024K)]
  0x000001a8f81bfe30 JavaThread "Thread-10"                  daemon [_thread_in_native, id=35060, stack(0x0000006f37a00000,0x0000006f37b00000) (1024K)]
  0x000001a8f81bc9b0 JavaThread "Thread-11"                  daemon [_thread_in_native, id=40188, stack(0x0000006f37b00000,0x0000006f37c00000) (1024K)]
  0x000001a8f9c35080 JavaThread "Thread-12"                  daemon [_thread_in_native, id=44732, stack(0x0000006f37c00000,0x0000006f37d00000) (1024K)]
  0x000001a8f9c36ac0 JavaThread "Thread-13"                  daemon [_thread_in_native, id=55420, stack(0x0000006f37d00000,0x0000006f37e00000) (1024K)]
  0x000001a8f9c35710 JavaThread "Thread-14"                  daemon [_thread_in_native, id=60280, stack(0x0000006f37e00000,0x0000006f37f00000) (1024K)]
  0x000001a8f9c32290 JavaThread "Thread-15"                  daemon [_thread_in_native, id=1320, stack(0x0000006f37f00000,0x0000006f38000000) (1024K)]
  0x000001a8f9c35da0 JavaThread "Thread-16"                  daemon [_thread_in_native, id=60240, stack(0x0000006f38000000,0x0000006f38100000) (1024K)]
  0x000001a8f9c36430 JavaThread "Thread-17"                  daemon [_thread_in_native, id=44304, stack(0x0000006f38100000,0x0000006f38200000) (1024K)]
  0x000001a8f9c301c0 JavaThread "Thread-18"                  daemon [_thread_in_native, id=54472, stack(0x0000006f38200000,0x0000006f38300000) (1024K)]
  0x000001a8f9c31c00 JavaThread "Thread-19"                  daemon [_thread_in_native, id=21372, stack(0x0000006f38300000,0x0000006f38400000) (1024K)]
  0x000001a8f9c37150 JavaThread "Thread-20"                  daemon [_thread_in_native, id=34584, stack(0x0000006f38400000,0x0000006f38500000) (1024K)]
  0x000001a8f9c32fb0 JavaThread "Thread-21"                  daemon [_thread_in_native, id=16128, stack(0x0000006f38500000,0x0000006f38600000) (1024K)]
  0x000001a8f9c33640 JavaThread "Thread-22"                  daemon [_thread_in_native, id=52560, stack(0x0000006f38600000,0x0000006f38700000) (1024K)]
  0x000001a8f9c30850 JavaThread "pool-2-thread-1"                   [_thread_blocked, id=59092, stack(0x0000006f38700000,0x0000006f38800000) (1024K)]
  0x000001a8f9c33cd0 JavaThread "WorkspaceEventsHandler"            [_thread_blocked, id=23736, stack(0x0000006f38800000,0x0000006f38900000) (1024K)]
  0x000001a8f9c34360 JavaThread "pool-1-thread-1"                   [_thread_blocked, id=54836, stack(0x0000006f38900000,0x0000006f38a00000) (1024K)]
  0x000001a8f98b34e0 JavaThread "ForkJoinPool.commonPool-worker-3" daemon [_thread_blocked, id=32568, stack(0x0000006f3b400000,0x0000006f3b500000) (1024K)]
  0x000001a8f98b7d10 JavaThread "ForkJoinPool.commonPool-worker-7" daemon [_thread_blocked, id=32236, stack(0x0000006f3b800000,0x0000006f3b900000) (1024K)]
  0x000001a8f98b9750 JavaThread "ForkJoinPool.commonPool-worker-9" daemon [_thread_blocked, id=18316, stack(0x0000006f3bb00000,0x0000006f3bc00000) (1024K)]
  0x000001a8f98b4f20 JavaThread "ForkJoinPool.commonPool-worker-14" daemon [_thread_blocked, id=53728, stack(0x0000006f3c100000,0x0000006f3c200000) (1024K)]
  0x000001a8fa6bd310 JavaThread "ForkJoinPool.commonPool-worker-17" daemon [_thread_blocked, id=19112, stack(0x0000006f3c500000,0x0000006f3c600000) (1024K)]
  0x000001a8fa6be030 JavaThread "ForkJoinPool.commonPool-worker-19" daemon [_thread_blocked, id=25836, stack(0x0000006f3d900000,0x0000006f3da00000) (1024K)]
  0x000001a8f9c32920 JavaThread "Cleaner-0"                  daemon [_thread_blocked, id=42584, stack(0x0000006f3da00000,0x0000006f3db00000) (1024K)]
  0x000001a8ff281b40 JavaThread "Java Debug Server"          daemon [_thread_in_native, id=23936, stack(0x0000006f36300000,0x0000006f36400000) (1024K)]
  0x000001a8ff282860 JavaThread "pool-5-thread-1"                   [_thread_in_native, id=43536, stack(0x0000006f38e00000,0x0000006f38f00000) (1024K)]
  0x000001a8ff283c10 JavaThread "RxSchedulerPurge-1"         daemon [_thread_blocked, id=30332, stack(0x0000006f3ba00000,0x0000006f3bb00000) (1024K)]
  0x000001a8ff282ef0 JavaThread "RxCachedWorkerPoolEvictor-1" daemon [_thread_blocked, id=50444, stack(0x0000006f3bf00000,0x0000006f3c000000) (1024K)]
  0x000001a8ff280e20 JavaThread "process reaper (pid 34232)" daemon [_thread_in_native, id=34896, stack(0x0000006f33f30000,0x0000006f33f50000) (128K)]
  0x000001a8f36e9ad0 JavaThread "RxNewThreadScheduler-9"     daemon [_thread_blocked, id=39308, stack(0x0000006f39000000,0x0000006f39100000) (1024K)]
  0x000001a8f36e31d0 JavaThread "ForkJoinPool.commonPool-worker-22" daemon [_thread_blocked, id=1960, stack(0x0000006f34200000,0x0000006f34300000) (1024K)]
  0x000001a8f9c377e0 JavaThread "ForkJoinPool.commonPool-worker-28" daemon [_thread_blocked, id=52360, stack(0x0000006f34400000,0x0000006f34500000) (1024K)]
  0x000001a8fa6b9170 JavaThread "ForkJoinPool.commonPool-worker-30" daemon [_thread_blocked, id=48084, stack(0x0000006f39500000,0x0000006f39600000) (1024K)]
  0x000001a8ff27f3e0 JavaThread "ForkJoinPool.commonPool-worker-33" daemon [_thread_blocked, id=44992, stack(0x0000006f36e00000,0x0000006f36f00000) (1024K)]
  0x000001a8ff280100 JavaThread "ForkJoinPool.commonPool-worker-36" daemon [_thread_blocked, id=18472, stack(0x0000006f37000000,0x0000006f37100000) (1024K)]
  0x000001a8fa6bd9a0 JavaThread "ForkJoinPool.commonPool-worker-35" daemon [_thread_blocked, id=54716, stack(0x0000006f38b00000,0x0000006f38c00000) (1024K)]
  0x000001a8f98b2e50 JavaThread "Compiler Source File Reader" daemon [_thread_blocked, id=58612, stack(0x0000006f36c00000,0x0000006f36d00000) (1024K)]
  0x000001a8f98ba470 JavaThread "Compiler Source File Reader" daemon [_thread_blocked, id=55316, stack(0x0000006f38d00000,0x0000006f38e00000) (1024K)]
  0x000001a8f98b3b70 JavaThread "Compiler Source File Reader" daemon [_thread_blocked, id=50772, stack(0x0000006f38f00000,0x0000006f39000000) (1024K)]
  0x000001a8f98b7680 JavaThread "ForkJoinPool.commonPool-worker-37" daemon [_thread_blocked, id=9180, stack(0x0000006f39100000,0x0000006f39200000) (1024K)]
  0x000001a8f98b4890 JavaThread "ForkJoinPool.commonPool-worker-38" daemon [_thread_blocked, id=36840, stack(0x0000006f39200000,0x0000006f39300000) (1024K)]
  0x000001a8f98b55b0 JavaThread "ForkJoinPool.commonPool-worker-39" daemon [_thread_blocked, id=2260, stack(0x0000006f39400000,0x0000006f39500000) (1024K)]
  0x000001a8f98b83a0 JavaThread "ForkJoinPool.commonPool-worker-40" daemon [_thread_blocked, id=51068, stack(0x0000006f39600000,0x0000006f39700000) (1024K)]
  0x000001a8f98b6ff0 JavaThread "ForkJoinPool.commonPool-worker-41" daemon [_thread_blocked, id=58720, stack(0x0000006f39700000,0x0000006f39800000) (1024K)]
  0x000001a8f8c382d0 JavaThread "Compiler Source File Reader" daemon [_thread_blocked, id=52644, stack(0x0000006f39b00000,0x0000006f39c00000) (1024K)]
  0x000001a8f8c38ff0 JavaThread "Compiler Source File Reader" daemon [_thread_blocked, id=44408, stack(0x0000006f39d00000,0x0000006f39e00000) (1024K)]
  0x000001a8f8c35b70 JavaThread "Compiler Source File Reader" daemon [_thread_blocked, id=32364, stack(0x0000006f39e00000,0x0000006f39f00000) (1024K)]
  0x000001a8f8c39680 JavaThread "Compiler Source File Reader" daemon [_thread_blocked, id=51360, stack(0x0000006f3a300000,0x0000006f3a400000) (1024K)]
  0x000001a8f8c36890 JavaThread "Compiler Source File Reader" daemon [_thread_blocked, id=28084, stack(0x0000006f3a500000,0x0000006f3a600000) (1024K)]
  0x000001a8f8c3b0c0 JavaThread "Compiler Source File Reader" daemon [_thread_blocked, id=54016, stack(0x0000006f3a600000,0x0000006f3a700000) (1024K)]
  0x000001a8f8c3a3a0 JavaThread "Compiler Source File Reader" daemon [_thread_blocked, id=27288, stack(0x0000006f3a700000,0x0000006f3a800000) (1024K)]
  0x000001a8fa6ba520 JavaThread "Worker-43"                         [_thread_blocked, id=26132, stack(0x0000006f3a800000,0x0000006f3a900000) (1024K)]
  0x000001a8fa6be6c0 JavaThread "Compiler Source File Reader" daemon [_thread_blocked, id=28244, stack(0x0000006f3a900000,0x0000006f3aa00000) (1024K)]
  0x000001a8fa6b7730 JavaThread "Compiler Source File Reader" daemon [_thread_blocked, id=21224, stack(0x0000006f39c00000,0x0000006f39d00000) (1024K)]
  0x000001a8fa6bed50 JavaThread "Compiler Source File Reader" daemon [_thread_blocked, id=17580, stack(0x0000006f3a000000,0x0000006f3a100000) (1024K)]
  0x000001a8fa6b7dc0 JavaThread "Compiler Source File Reader" daemon [_thread_blocked, id=31524, stack(0x0000006f3a200000,0x0000006f3a300000) (1024K)]
  0x000001a8fa6b9800 JavaThread "Compiler Source File Reader" daemon [_thread_blocked, id=18180, stack(0x0000006f3a400000,0x0000006f3a500000) (1024K)]
  0x000001a8f9b45650 JavaThread "Worker-46"                         [_thread_blocked, id=6408, stack(0x0000006f36f00000,0x0000006f37000000) (1024K)]
  0x000001a8f9b44930 JavaThread "ForkJoinPool.commonPool-worker-42" daemon [_thread_blocked, id=59936, stack(0x0000006f39a00000,0x0000006f39b00000) (1024K)]
  0x000001a8f8c36f20 JavaThread "ForkJoinPool.commonPool-worker-43" daemon [_thread_blocked, id=27520, stack(0x0000006f34300000,0x0000006f34400000) (1024K)]
  0x000001a8f8c36200 JavaThread "pool-1-thread-57"                  [_thread_blocked, id=1312, stack(0x0000006f36200000,0x0000006f36300000) (1024K)]
  0x000001a8f8c347c0 JavaThread "Worker-50"                         [_thread_blocked, id=36888, stack(0x0000006f36b00000,0x0000006f36c00000) (1024K)]
  0x000001a8f8c34e50 JavaThread "Worker-51"                         [_thread_blocked, id=43860, stack(0x0000006f37100000,0x0000006f37200000) (1024K)]
  0x000001a8f9b4a510 JavaThread "Worker-52"                         [_thread_blocked, id=21876, stack(0x0000006f38a00000,0x0000006f38b00000) (1024K)]
  0x000001a8f9b44fc0 JavaThread "Compiler Processing Task"   daemon [_thread_blocked, id=43636, stack(0x0000006f38c00000,0x0000006f38d00000) (1024K)]
  0x000001a8f9b47090 JavaThread "pool-1-thread-58"                  [_thread_blocked, id=58096, stack(0x0000006f39300000,0x0000006f39400000) (1024K)]
  0x000001a8f9b442a0 JavaThread "Worker-53"                         [_thread_blocked, id=33528, stack(0x0000006f39800000,0x0000006f39900000) (1024K)]
Total: 94

Other Threads:
  0x000001a8dbc3eb30 VMThread "VM Thread"                           [id=21960, stack(0x0000006f34800000,0x0000006f34900000) (1024K)]
  0x000001a8efe4ca00 WatcherThread "VM Periodic Task Thread"        [id=61080, stack(0x0000006f34700000,0x0000006f34800000) (1024K)]
  0x000001a8dbb9e860 WorkerThread "GC Thread#0"                     [id=22712, stack(0x0000006f34600000,0x0000006f34700000) (1024K)]
  0x000001a8f3b5e040 WorkerThread "GC Thread#1"                     [id=48000, stack(0x0000006f35600000,0x0000006f35700000) (1024K)]
  0x000001a8f3b5e3e0 WorkerThread "GC Thread#2"                     [id=36396, stack(0x0000006f35700000,0x0000006f35800000) (1024K)]
  0x000001a8f3b5e780 WorkerThread "GC Thread#3"                     [id=49732, stack(0x0000006f35800000,0x0000006f35900000) (1024K)]
  0x000001a8f3b5eb20 WorkerThread "GC Thread#4"                     [id=25652, stack(0x0000006f35900000,0x0000006f35a00000) (1024K)]
  0x000001a8f37f71d0 WorkerThread "GC Thread#5"                     [id=20260, stack(0x0000006f35a00000,0x0000006f35b00000) (1024K)]
  0x000001a8f38c3340 WorkerThread "GC Thread#6"                     [id=30172, stack(0x0000006f35b00000,0x0000006f35c00000) (1024K)]
  0x000001a8f826ad50 WorkerThread "GC Thread#7"                     [id=22984, stack(0x0000006f35200000,0x0000006f35300000) (1024K)]
  0x000001a8f173b720 WorkerThread "GC Thread#8"                     [id=28112, stack(0x0000006f35f00000,0x0000006f36000000) (1024K)]
  0x000001a8f173a500 WorkerThread "GC Thread#9"                     [id=40048, stack(0x0000006f36000000,0x0000006f36100000) (1024K)]
  0x000001a8f173a160 WorkerThread "GC Thread#10"                    [id=20568, stack(0x0000006f36400000,0x0000006f36500000) (1024K)]
  0x000001a8f173bac0 WorkerThread "GC Thread#11"                    [id=47912, stack(0x0000006f36500000,0x0000006f36600000) (1024K)]
  0x000001a8f173afe0 WorkerThread "GC Thread#12"                    [id=4432, stack(0x0000006f36600000,0x0000006f36700000) (1024K)]
  0x000001a8f173ac40 WorkerThread "GC Thread#13"                    [id=32080, stack(0x0000006f36800000,0x0000006f36900000) (1024K)]
  0x000001a8f173b380 WorkerThread "GC Thread#14"                    [id=46084, stack(0x0000006f36900000,0x0000006f36a00000) (1024K)]
Total: 17

Threads with active compile tasks:
C2 CompilerThread0  3399612 38880   !   4       org.eclipse.sisu.plexus.CompositeBeanHelper::setProperty (495 bytes)
Total: 1

VM state: not at safepoint (normal execution)

VM Mutex/Monitor currently owned by a thread: None

Heap address: 0x00000000c0000000, size: 1024 MB, Compressed Oops mode: 32-bit

CDS archive(s) mapped at: [0x000001a880000000-0x000001a880ba0000-0x000001a880ba0000), size 12189696, SharedBaseAddress: 0x000001a880000000, ArchiveRelocationMode: 1.
Compressed class space mapped at: 0x000001a881000000-0x000001a8c1000000, reserved size: 1073741824
Narrow klass base: 0x000001a880000000, Narrow klass shift: 0, Narrow klass range: 0x100000000

GC Precious Log:
 CardTable entry size: 512
 CPUs: 20 total, 20 available
 Memory: 7880M
 Large Page Support: Disabled
 NUMA Support: Disabled
 Compressed Oops: Enabled (32-bit)
 Alignments: Space 512K, Generation 512K, Heap 2M
 Heap Min Capacity: 100M
 Heap Initial Capacity: 100M
 Heap Max Capacity: 1G
 Pre-touch: Disabled
 Parallel Workers: 15

Heap:
 PSYoungGen      total 8192K, used 4447K [0x00000000eab00000, 0x00000000eb600000, 0x0000000100000000)
  eden space 7168K, 53% used [0x00000000eab00000,0x00000000eaebea68,0x00000000eb200000)
  from space 1024K, 59% used [0x00000000eb280000,0x00000000eb319210,0x00000000eb380000)
  to   space 1536K, 0% used [0x00000000eb480000,0x00000000eb480000,0x00000000eb600000)
 ParOldGen       total 627200K, used 626751K [0x00000000c0000000, 0x00000000e6480000, 0x00000000eab00000)
  object space 627200K, 99% used [0x00000000c0000000,0x00000000e640fc98,0x00000000e6480000)
 Metaspace       used 100136K, committed 101824K, reserved 1179648K
  class space    used 9562K, committed 10432K, reserved 1048576K

Card table byte_map: [0x000001a8db520000,0x000001a8db730000] _byte_map_base: 0x000001a8daf20000

Marking Bits: (ParMarkBitMap*) 0x00007ffd9bd93260
 Begin Bits: [0x000001a8edd70000, 0x000001a8eed70000)
 End Bits:   [0x000001a8eed70000, 0x000001a8efd70000)

Polling page: 0x000001a8d9930000

Metaspace:

Usage:
  Non-class:     88.45 MB used.
      Class:      9.34 MB used.
       Both:     97.79 MB used.

Virtual space:
  Non-class space:      128.00 MB reserved,      89.25 MB ( 70%) committed,  2 nodes.
      Class space:        1.00 GB reserved,      10.19 MB ( <1%) committed,  1 nodes.
             Both:        1.12 GB reserved,      99.44 MB (  9%) committed. 

Chunk freelists:
   Non-Class:  6.06 MB
       Class:  5.86 MB
        Both:  11.92 MB

MaxMetaspaceSize: unlimited
CompressedClassSpaceSize: 1.00 GB
Initial GC threshold: 21.00 MB
Current GC threshold: 165.31 MB
CDS: on
 - commit_granule_bytes: 65536.
 - commit_granule_words: 8192.
 - virtual_space_node_default_size: 8388608.
 - enlarge_chunks_in_place: 1.
 - use_allocation_guard: 0.


Internal statistics:

num_allocs_failed_limit: 9.
num_arena_births: 2286.
num_arena_deaths: 542.
num_vsnodes_births: 3.
num_vsnodes_deaths: 0.
num_space_committed: 1591.
num_space_uncommitted: 0.
num_chunks_returned_to_freelist: 654.
num_chunks_taken_from_freelist: 7657.
num_chunk_merges: 154.
num_chunk_splits: 4248.
num_chunks_enlarged: 2155.
num_inconsistent_stats: 0.

CodeHeap 'non-profiled nmethods': size=119168Kb used=22911Kb max_used=22911Kb free=96256Kb
 bounds [0x000001a8e6910000, 0x000001a8e7f70000, 0x000001a8edd70000]
CodeHeap 'profiled nmethods': size=119104Kb used=32859Kb max_used=55009Kb free=86244Kb
 bounds [0x000001a8ded70000, 0x000001a8e2330000, 0x000001a8e61c0000]
CodeHeap 'non-nmethods': size=7488Kb used=1547Kb max_used=3281Kb free=5940Kb
 bounds [0x000001a8e61c0000, 0x000001a8e6530000, 0x000001a8e6910000]
 total_blobs=15832 nmethods=14954 adapters=774
 compilation: enabled
              stopped_count=0, restarted_count=0
 full_count=0

Compilation events (20 events):
Event: 3398.031 Thread 0x000001a8f168ddd0 nmethod 38871 0x000001a8e7f6cc90 code [0x000001a8e7f6ce20, 0x000001a8e7f6cee0]
Event: 3399.282 Thread 0x000001a8f168ddd0 38872       4       org.eclipse.jdt.internal.compiler.lookup.MethodVerifier::computeSubstituteMethod (351 bytes)
Event: 3399.297 Thread 0x000001a8f168ddd0 nmethod 38872 0x000001a8e7f6cf90 code [0x000001a8e7f6d200, 0x000001a8e7f6da50]
Event: 3399.297 Thread 0x000001a8f168ddd0 38873       4       java.lang.Math::addExact (32 bytes)
Event: 3399.298 Thread 0x000001a8f168ddd0 nmethod 38873 0x000001a8e7f6e210 code [0x000001a8e7f6e3a0, 0x000001a8e7f6e440]
Event: 3399.305 Thread 0x000001a8f168ddd0 38874       4       sun.nio.fs.WindowsFileAttributes::lastModifiedTime (8 bytes)
Event: 3399.308 Thread 0x000001a8f168ddd0 nmethod 38874 0x000001a8e7f6e510 code [0x000001a8e7f6e6c0, 0x000001a8e7f6e890]
Event: 3399.308 Thread 0x000001a8f168ddd0 38875   !   4       sun.nio.fs.WindowsFileAttributes::toFileTime (47 bytes)
Event: 3399.309 Thread 0x000001a8f168ddd0 nmethod 38875 0x000001a8e7f6ea10 code [0x000001a8e7f6ebc0, 0x000001a8e7f6ed60]
Event: 3399.321 Thread 0x000001a8f168ddd0 38876       4       org.eclipse.sisu.inject.RankedSequence$Itr::hasNext (119 bytes)
Event: 3399.325 Thread 0x000001a8f16c0d60 38878       1       com.google.inject.TypeLiteral::getRawType (5 bytes)
Event: 3399.325 Thread 0x000001a8f16c0d60 nmethod 38878 0x000001a8e7f6ef10 code [0x000001a8e7f6f0a0, 0x000001a8e7f6f168]
Event: 3399.326 Thread 0x000001a8f16c0d60 38879       1       com.google.inject.TypeLiteral::getType (5 bytes)
Event: 3399.326 Thread 0x000001a8f16c0d60 nmethod 38879 0x000001a8e7f6f210 code [0x000001a8e7f6f3a0, 0x000001a8e7f6f468]
Event: 3399.327 Thread 0x000001a8f168ddd0 nmethod 38876 0x000001a8e7f6f510 code [0x000001a8e7f6f6c0, 0x000001a8e7f6fa80]
Event: 3399.327 Thread 0x000001a8f168ddd0 38880   !   4       org.eclipse.sisu.plexus.CompositeBeanHelper::setProperty (495 bytes)
Event: 3399.353 Thread 0x000001a8f16c0d60 38881       3       java.lang.reflect.Field::getGenericType (20 bytes)
Event: 3399.356 Thread 0x000001a8f16c0d60 nmethod 38881 0x000001a8df0d2690 code [0x000001a8df0d2960, 0x000001a8df0d3ba8]
Event: 3399.379 Thread 0x000001a8f16c0d60 38882       3       org.eclipse.jdt.internal.core.search.indexing.IndexingParser::<init> (67 bytes)
Event: 3399.381 Thread 0x000001a8f16c0d60 nmethod 38882 0x000001a8e1c1d110 code [0x000001a8e1c1d360, 0x000001a8e1c1dd90]

GC Heap History (20 events):
Event: 3399.221 GC heap before
{Heap before GC invocations=6741 (full 29):
 PSYoungGen      total 2560K, used 2253K [0x00000000eab00000, 0x00000000eb080000, 0x0000000100000000)
  eden space 1024K, 100% used [0x00000000eab00000,0x00000000eac00000,0x00000000eac00000)
  from space 1536K, 80% used [0x00000000eac00000,0x00000000ead335a0,0x00000000ead80000)
  to   space 2048K, 0% used [0x00000000eae80000,0x00000000eae80000,0x00000000eb080000)
 ParOldGen       total 578560K, used 578359K [0x00000000c0000000, 0x00000000e3500000, 0x00000000eab00000)
  object space 578560K, 99% used [0x00000000c0000000,0x00000000e34cde10,0x00000000e3500000)
 Metaspace       used 100136K, committed 101824K, reserved 1179648K
  class space    used 9562K, committed 10432K, reserved 1048576K
}
Event: 3399.223 GC heap after
{Heap after GC invocations=6741 (full 29):
 PSYoungGen      total 3072K, used 1216K [0x00000000eab00000, 0x00000000eb000000, 0x0000000100000000)
  eden space 1536K, 0% used [0x00000000eab00000,0x00000000eab00000,0x00000000eac80000)
  from space 1536K, 79% used [0x00000000eae80000,0x00000000eafb0000,0x00000000eb000000)
  to   space 1536K, 0% used [0x00000000ead00000,0x00000000ead00000,0x00000000eae80000)
 ParOldGen       total 579584K, used 579428K [0x00000000c0000000, 0x00000000e3600000, 0x00000000eab00000)
  object space 579584K, 99% used [0x00000000c0000000,0x00000000e35d93b0,0x00000000e3600000)
 Metaspace       used 100136K, committed 101824K, reserved 1179648K
  class space    used 9562K, committed 10432K, reserved 1048576K
}
Event: 3399.225 GC heap before
{Heap before GC invocations=6742 (full 29):
 PSYoungGen      total 3072K, used 2752K [0x00000000eab00000, 0x00000000eb000000, 0x0000000100000000)
  eden space 1536K, 100% used [0x00000000eab00000,0x00000000eac80000,0x00000000eac80000)
  from space 1536K, 79% used [0x00000000eae80000,0x00000000eafb0000,0x00000000eb000000)
  to   space 1536K, 0% used [0x00000000ead00000,0x00000000ead00000,0x00000000eae80000)
 ParOldGen       total 579584K, used 579428K [0x00000000c0000000, 0x00000000e3600000, 0x00000000eab00000)
  object space 579584K, 99% used [0x00000000c0000000,0x00000000e35d93b0,0x00000000e3600000)
 Metaspace       used 100136K, committed 101824K, reserved 1179648K
  class space    used 9562K, committed 10432K, reserved 1048576K
}
Event: 3399.227 GC heap after
{Heap after GC invocations=6742 (full 29):
 PSYoungGen      total 3584K, used 1536K [0x00000000eab00000, 0x00000000eb300000, 0x0000000100000000)
  eden space 2048K, 0% used [0x00000000eab00000,0x00000000eab00000,0x00000000ead00000)
  from space 1536K, 100% used [0x00000000ead00000,0x00000000eae80000,0x00000000eae80000)
  to   space 3072K, 0% used [0x00000000eb000000,0x00000000eb000000,0x00000000eb300000)
 ParOldGen       total 580608K, used 580556K [0x00000000c0000000, 0x00000000e3700000, 0x00000000eab00000)
  object space 580608K, 99% used [0x00000000c0000000,0x00000000e36f33b0,0x00000000e3700000)
 Metaspace       used 100136K, committed 101824K, reserved 1179648K
  class space    used 9562K, committed 10432K, reserved 1048576K
}
Event: 3399.229 GC heap before
{Heap before GC invocations=6743 (full 29):
 PSYoungGen      total 3584K, used 3584K [0x00000000eab00000, 0x00000000eb300000, 0x0000000100000000)
  eden space 2048K, 100% used [0x00000000eab00000,0x00000000ead00000,0x00000000ead00000)
  from space 1536K, 100% used [0x00000000ead00000,0x00000000eae80000,0x00000000eae80000)
  to   space 3072K, 0% used [0x00000000eb000000,0x00000000eb000000,0x00000000eb300000)
 ParOldGen       total 580608K, used 580556K [0x00000000c0000000, 0x00000000e3700000, 0x00000000eab00000)
  object space 580608K, 99% used [0x00000000c0000000,0x00000000e36f33b0,0x00000000e3700000)
 Metaspace       used 100136K, committed 101824K, reserved 1179648K
  class space    used 9562K, committed 10432K, reserved 1048576K
}
Event: 3399.231 GC heap after
{Heap after GC invocations=6743 (full 29):
 PSYoungGen      total 5120K, used 2272K [0x00000000eab00000, 0x00000000eb280000, 0x0000000100000000)
  eden space 2560K, 0% used [0x00000000eab00000,0x00000000eab00000,0x00000000ead80000)
  from space 2560K, 88% used [0x00000000eb000000,0x00000000eb238000,0x00000000eb280000)
  to   space 2560K, 0% used [0x00000000ead80000,0x00000000ead80000,0x00000000eb000000)
 ParOldGen       total 582144K, used 582060K [0x00000000c0000000, 0x00000000e3880000, 0x00000000eab00000)
  object space 582144K, 99% used [0x00000000c0000000,0x00000000e386b3b0,0x00000000e3880000)
 Metaspace       used 100136K, committed 101824K, reserved 1179648K
  class space    used 9562K, committed 10432K, reserved 1048576K
}
Event: 3399.236 GC heap before
{Heap before GC invocations=6744 (full 29):
 PSYoungGen      total 5120K, used 4832K [0x00000000eab00000, 0x00000000eb280000, 0x0000000100000000)
  eden space 2560K, 100% used [0x00000000eab00000,0x00000000ead80000,0x00000000ead80000)
  from space 2560K, 88% used [0x00000000eb000000,0x00000000eb238000,0x00000000eb280000)
  to   space 2560K, 0% used [0x00000000ead80000,0x00000000ead80000,0x00000000eb000000)
 ParOldGen       total 582144K, used 582060K [0x00000000c0000000, 0x00000000e3880000, 0x00000000eab00000)
  object space 582144K, 99% used [0x00000000c0000000,0x00000000e386b3b0,0x00000000e3880000)
 Metaspace       used 100136K, committed 101824K, reserved 1179648K
  class space    used 9562K, committed 10432K, reserved 1048576K
}
Event: 3399.239 GC heap after
{Heap after GC invocations=6744 (full 29):
 PSYoungGen      total 5120K, used 2536K [0x00000000eab00000, 0x00000000eb800000, 0x0000000100000000)
  eden space 2560K, 0% used [0x00000000eab00000,0x00000000eab00000,0x00000000ead80000)
  from space 2560K, 99% used [0x00000000ead80000,0x00000000eaffa000,0x00000000eb000000)
  to   space 5120K, 0% used [0x00000000eb300000,0x00000000eb300000,0x00000000eb800000)
 ParOldGen       total 584192K, used 584156K [0x00000000c0000000, 0x00000000e3a80000, 0x00000000eab00000)
  object space 584192K, 99% used [0x00000000c0000000,0x00000000e3a773b0,0x00000000e3a80000)
 Metaspace       used 100136K, committed 101824K, reserved 1179648K
  class space    used 9562K, committed 10432K, reserved 1048576K
}
Event: 3399.256 GC heap before
{Heap before GC invocations=6745 (full 29):
 PSYoungGen      total 5120K, used 5096K [0x00000000eab00000, 0x00000000eb800000, 0x0000000100000000)
  eden space 2560K, 100% used [0x00000000eab00000,0x00000000ead80000,0x00000000ead80000)
  from space 2560K, 99% used [0x00000000ead80000,0x00000000eaffa000,0x00000000eb000000)
  to   space 5120K, 0% used [0x00000000eb300000,0x00000000eb300000,0x00000000eb800000)
 ParOldGen       total 584192K, used 584156K [0x00000000c0000000, 0x00000000e3a80000, 0x00000000eab00000)
  object space 584192K, 99% used [0x00000000c0000000,0x00000000e3a773b0,0x00000000e3a80000)
 Metaspace       used 100136K, committed 101824K, reserved 1179648K
  class space    used 9562K, committed 10432K, reserved 1048576K
}
Event: 3399.262 GC heap after
{Heap after GC invocations=6745 (full 29):
 PSYoungGen      total 5632K, used 2288K [0x00000000eab00000, 0x00000000eb580000, 0x0000000100000000)
  eden space 3072K, 0% used [0x00000000eab00000,0x00000000eab00000,0x00000000eae00000)
  from space 2560K, 89% used [0x00000000eb300000,0x00000000eb53c000,0x00000000eb580000)
  to   space 3584K, 0% used [0x00000000eae80000,0x00000000eae80000,0x00000000eb200000)
 ParOldGen       total 586752K, used 586436K [0x00000000c0000000, 0x00000000e3d00000, 0x00000000eab00000)
  object space 586752K, 99% used [0x00000000c0000000,0x00000000e3cb13b0,0x00000000e3d00000)
 Metaspace       used 100136K, committed 101824K, reserved 1179648K
  class space    used 9562K, committed 10432K, reserved 1048576K
}
Event: 3399.270 GC heap before
{Heap before GC invocations=6746 (full 29):
 PSYoungGen      total 5632K, used 5236K [0x00000000eab00000, 0x00000000eb580000, 0x0000000100000000)
  eden space 3072K, 95% used [0x00000000eab00000,0x00000000eade1118,0x00000000eae00000)
  from space 2560K, 89% used [0x00000000eb300000,0x00000000eb53c000,0x00000000eb580000)
  to   space 3584K, 0% used [0x00000000eae80000,0x00000000eae80000,0x00000000eb200000)
 ParOldGen       total 586752K, used 586436K [0x00000000c0000000, 0x00000000e3d00000, 0x00000000eab00000)
  object space 586752K, 99% used [0x00000000c0000000,0x00000000e3cb13b0,0x00000000e3d00000)
 Metaspace       used 100136K, committed 101824K, reserved 1179648K
  class space    used 9562K, committed 10432K, reserved 1048576K
}
Event: 3399.273 GC heap after
{Heap after GC invocations=6746 (full 29):
 PSYoungGen      total 7168K, used 2746K [0x00000000eab00000, 0x00000000eb500000, 0x0000000100000000)
  eden space 3584K, 0% used [0x00000000eab00000,0x00000000eab00000,0x00000000eae80000)
  from space 3584K, 76% used [0x00000000eae80000,0x00000000eb12e9b0,0x00000000eb200000)
  to   space 3072K, 0% used [0x00000000eb200000,0x00000000eb200000,0x00000000eb500000)
 ParOldGen       total 588288K, used 588092K [0x00000000c0000000, 0x00000000e3e80000, 0x00000000eab00000)
  object space 588288K, 99% used [0x00000000c0000000,0x00000000e3e4f3b0,0x00000000e3e80000)
 Metaspace       used 100136K, committed 101824K, reserved 1179648K
  class space    used 9562K, committed 10432K, reserved 1048576K
}
Event: 3399.282 GC heap before
{Heap before GC invocations=6747 (full 29):
 PSYoungGen      total 7168K, used 6330K [0x00000000eab00000, 0x00000000eb500000, 0x0000000100000000)
  eden space 3584K, 100% used [0x00000000eab00000,0x00000000eae80000,0x00000000eae80000)
  from space 3584K, 76% used [0x00000000eae80000,0x00000000eb12e9b0,0x00000000eb200000)
  to   space 3072K, 0% used [0x00000000eb200000,0x00000000eb200000,0x00000000eb500000)
 ParOldGen       total 588288K, used 588092K [0x00000000c0000000, 0x00000000e3e80000, 0x00000000eab00000)
  object space 588288K, 99% used [0x00000000c0000000,0x00000000e3e4f3b0,0x00000000e3e80000)
 Metaspace       used 100136K, committed 101824K, reserved 1179648K
  class space    used 9562K, committed 10432K, reserved 1048576K
}
Event: 3399.288 GC heap after
{Heap after GC invocations=6747 (full 29):
 PSYoungGen      total 7168K, used 2027K [0x00000000eab00000, 0x00000000eb480000, 0x0000000100000000)
  eden space 4608K, 0% used [0x00000000eab00000,0x00000000eab00000,0x00000000eaf80000)
  from space 2560K, 79% used [0x00000000eb200000,0x00000000eb3fadd0,0x00000000eb480000)
  to   space 2560K, 0% used [0x00000000eaf80000,0x00000000eaf80000,0x00000000eb200000)
 ParOldGen       total 590848K, used 590665K [0x00000000c0000000, 0x00000000e4100000, 0x00000000eab00000)
  object space 590848K, 99% used [0x00000000c0000000,0x00000000e40d2618,0x00000000e4100000)
 Metaspace       used 100136K, committed 101824K, reserved 1179648K
  class space    used 9562K, committed 10432K, reserved 1048576K
}
Event: 3399.300 GC heap before
{Heap before GC invocations=6748 (full 29):
 PSYoungGen      total 7168K, used 6614K [0x00000000eab00000, 0x00000000eb480000, 0x0000000100000000)
  eden space 4608K, 99% used [0x00000000eab00000,0x00000000eaf7ac10,0x00000000eaf80000)
  from space 2560K, 79% used [0x00000000eb200000,0x00000000eb3fadd0,0x00000000eb480000)
  to   space 2560K, 0% used [0x00000000eaf80000,0x00000000eaf80000,0x00000000eb200000)
 ParOldGen       total 590848K, used 590665K [0x00000000c0000000, 0x00000000e4100000, 0x00000000eab00000)
  object space 590848K, 99% used [0x00000000c0000000,0x00000000e40d2618,0x00000000e4100000)
 Metaspace       used 100136K, committed 101824K, reserved 1179648K
  class space    used 9562K, committed 10432K, reserved 1048576K
}
Event: 3399.302 GC heap after
{Heap after GC invocations=6748 (full 29):
 PSYoungGen      total 7168K, used 2534K [0x00000000eab00000, 0x00000000eba80000, 0x0000000100000000)
  eden space 4608K, 0% used [0x00000000eab00000,0x00000000eab00000,0x00000000eaf80000)
  from space 2560K, 99% used [0x00000000eaf80000,0x00000000eb1f9b68,0x00000000eb200000)
  to   space 5120K, 0% used [0x00000000eb580000,0x00000000eb580000,0x00000000eba80000)
 ParOldGen       total 592896K, used 592443K [0x00000000c0000000, 0x00000000e4300000, 0x00000000eab00000)
  object space 592896K, 99% used [0x00000000c0000000,0x00000000e428ef38,0x00000000e4300000)
 Metaspace       used 100136K, committed 101824K, reserved 1179648K
  class space    used 9562K, committed 10432K, reserved 1048576K
}
Event: 3399.315 GC heap before
{Heap before GC invocations=6749 (full 29):
 PSYoungGen      total 7168K, used 7142K [0x00000000eab00000, 0x00000000eba80000, 0x0000000100000000)
  eden space 4608K, 100% used [0x00000000eab00000,0x00000000eaf80000,0x00000000eaf80000)
  from space 2560K, 99% used [0x00000000eaf80000,0x00000000eb1f9b68,0x00000000eb200000)
  to   space 5120K, 0% used [0x00000000eb580000,0x00000000eb580000,0x00000000eba80000)
 ParOldGen       total 592896K, used 592443K [0x00000000c0000000, 0x00000000e4300000, 0x00000000eab00000)
  object space 592896K, 99% used [0x00000000c0000000,0x00000000e428ef38,0x00000000e4300000)
 Metaspace       used 100136K, committed 101824K, reserved 1179648K
  class space    used 9562K, committed 10432K, reserved 1048576K
}
Event: 3399.319 GC heap after
{Heap after GC invocations=6749 (full 29):
 PSYoungGen      total 7680K, used 1548K [0x00000000eab00000, 0x00000000eb780000, 0x0000000100000000)
  eden space 5632K, 0% used [0x00000000eab00000,0x00000000eab00000,0x00000000eb080000)
  from space 2048K, 75% used [0x00000000eb580000,0x00000000eb703100,0x00000000eb780000)
  to   space 2560K, 0% used [0x00000000eb280000,0x00000000eb280000,0x00000000eb500000)
 ParOldGen       total 595456K, used 594951K [0x00000000c0000000, 0x00000000e4580000, 0x00000000eab00000)
  object space 595456K, 99% used [0x00000000c0000000,0x00000000e4501c68,0x00000000e4580000)
 Metaspace       used 100136K, committed 101824K, reserved 1179648K
  class space    used 9562K, committed 10432K, reserved 1048576K
}
Event: 3399.405 GC heap before
{Heap before GC invocations=6750 (full 29):
 PSYoungGen      total 7680K, used 7180K [0x00000000eab00000, 0x00000000eb780000, 0x0000000100000000)
  eden space 5632K, 100% used [0x00000000eab00000,0x00000000eb080000,0x00000000eb080000)
  from space 2048K, 75% used [0x00000000eb580000,0x00000000eb703100,0x00000000eb780000)
  to   space 2560K, 0% used [0x00000000eb280000,0x00000000eb280000,0x00000000eb500000)
 ParOldGen       total 627200K, used 625671K [0x00000000c0000000, 0x00000000e6480000, 0x00000000eab00000)
  object space 627200K, 99% used [0x00000000c0000000,0x00000000e6301c98,0x00000000e6480000)
 Metaspace       used 100136K, committed 101824K, reserved 1179648K
  class space    used 9562K, committed 10432K, reserved 1048576K
}
Event: 3399.407 GC heap after
{Heap after GC invocations=6750 (full 29):
 PSYoungGen      total 8192K, used 612K [0x00000000eab00000, 0x00000000eb600000, 0x0000000100000000)
  eden space 7168K, 0% used [0x00000000eab00000,0x00000000eab00000,0x00000000eb200000)
  from space 1024K, 59% used [0x00000000eb280000,0x00000000eb319210,0x00000000eb380000)
  to   space 1536K, 0% used [0x00000000eb480000,0x00000000eb480000,0x00000000eb600000)
 ParOldGen       total 627200K, used 626751K [0x00000000c0000000, 0x00000000e6480000, 0x00000000eab00000)
  object space 627200K, 99% used [0x00000000c0000000,0x00000000e640fc98,0x00000000e6480000)
 Metaspace       used 100136K, committed 101824K, reserved 1179648K
  class space    used 9562K, committed 10432K, reserved 1048576K
}

Dll operation events (12 events):
Event: 0.060 Loaded shared library c:\Users\Jake\.vscode\extensions\redhat.java-1.40.0-win32-x64\jre\21.0.6-win32-x86_64\bin\java.dll
Event: 0.205 Loaded shared library c:\Users\Jake\.vscode\extensions\redhat.java-1.40.0-win32-x64\jre\21.0.6-win32-x86_64\bin\zip.dll
Event: 0.244 Loaded shared library C:\Users\Jake\.vscode\extensions\redhat.java-1.40.0-win32-x64\jre\21.0.6-win32-x86_64\bin\instrument.dll
Event: 0.256 Loaded shared library C:\Users\Jake\.vscode\extensions\redhat.java-1.40.0-win32-x64\jre\21.0.6-win32-x86_64\bin\net.dll
Event: 0.263 Loaded shared library C:\Users\Jake\.vscode\extensions\redhat.java-1.40.0-win32-x64\jre\21.0.6-win32-x86_64\bin\nio.dll
Event: 0.268 Loaded shared library C:\Users\Jake\.vscode\extensions\redhat.java-1.40.0-win32-x64\jre\21.0.6-win32-x86_64\bin\zip.dll
Event: 0.300 Loaded shared library C:\Users\Jake\.vscode\extensions\redhat.java-1.40.0-win32-x64\jre\21.0.6-win32-x86_64\bin\jimage.dll
Event: 0.415 Loaded shared library c:\Users\Jake\.vscode\extensions\redhat.java-1.40.0-win32-x64\jre\21.0.6-win32-x86_64\bin\verify.dll
Event: 4.055 Loaded shared library C:\Users\Jake\AppData\Roaming\Code\User\globalStorage\redhat.java\1.40.0\config_win\org.eclipse.equinox.launcher\org.eclipse.equinox.launcher.win32.win32.x86_64_1.2.1200.v20250212-0927\eclipse_11909.dll
Event: 11.582 Loaded shared library C:\Users\Jake\AppData\Local\Temp\jna-2301169\jna2154680460845244994.dll
Event: 12.944 Loaded shared library C:\Users\Jake\.vscode\extensions\redhat.java-1.40.0-win32-x64\jre\21.0.6-win32-x86_64\bin\sunmscapi.dll
Event: 13.632 Loaded shared library C:\Users\Jake\.vscode\extensions\redhat.java-1.40.0-win32-x64\jre\21.0.6-win32-x86_64\bin\extnet.dll

Deoptimization events (20 events):
Event: 3382.303 Thread 0x000001a8f9c34360 Uncommon trap: trap_request=0xffffff45 fr.pc=0x000001a8e7d90ef4 relative=0x0000000000000894
Event: 3382.303 Thread 0x000001a8f9c34360 Uncommon trap: reason=unstable_if action=reinterpret pc=0x000001a8e7d90ef4 method=org.eclipse.jdt.core.dom.ASTRecoveryPropagator.flagNodesWithInsertedTokensInside(Lorg/eclipse/jdt/core/dom/ASTNode;)Z @ 38 c2
Event: 3382.303 Thread 0x000001a8f9c34360 DEOPT PACKING pc=0x000001a8e7d90ef4 sp=0x0000006f389fdcc0
Event: 3382.303 Thread 0x000001a8f9c34360 DEOPT UNPACKING pc=0x000001a8e6213aa2 sp=0x0000006f389fdbf0 mode 2
Event: 3387.782 Thread 0x000001a8f9b47090 Uncommon trap: trap_request=0xffffff6e fr.pc=0x000001a8e7f3e158 relative=0x0000000000001c98
Event: 3387.782 Thread 0x000001a8f9b47090 Uncommon trap: reason=loop_limit_check action=maybe_recompile pc=0x000001a8e7f3e158 method=org.jsoup.parser.HtmlTreeBuilder.getActiveFormattingElement(Ljava/lang/String;)Lorg/jsoup/nodes/Element; @ 11 c2
Event: 3387.782 Thread 0x000001a8f9b47090 DEOPT PACKING pc=0x000001a8e7f3e158 sp=0x0000006f393fe850
Event: 3387.782 Thread 0x000001a8f9b47090 DEOPT UNPACKING pc=0x000001a8e6213aa2 sp=0x0000006f393fe768 mode 2
Event: 3394.543 Thread 0x000001a8f9c34360 Uncommon trap: trap_request=0xffffff45 fr.pc=0x000001a8e6a471d0 relative=0x0000000000001a30
Event: 3394.543 Thread 0x000001a8f9c34360 Uncommon trap: reason=unstable_if action=reinterpret pc=0x000001a8e6a471d0 method=org.eclipse.jdt.internal.compiler.codegen.ConstantPool.literalIndexForMethod([C[C[CZ)I @ 148 c2
Event: 3394.543 Thread 0x000001a8f9c34360 DEOPT PACKING pc=0x000001a8e6a471d0 sp=0x0000006f389fdc00
Event: 3394.544 Thread 0x000001a8f9c34360 DEOPT UNPACKING pc=0x000001a8e6213aa2 sp=0x0000006f389fdbd8 mode 2
Event: 3396.751 Thread 0x000001a8f9c34360 Uncommon trap: trap_request=0xffffffde fr.pc=0x000001a8e6ca77bc relative=0x000000000000067c
Event: 3396.751 Thread 0x000001a8f9c34360 Uncommon trap: reason=class_check action=maybe_recompile pc=0x000001a8e6ca77bc method=org.eclipse.jdt.internal.compiler.lookup.MethodBinding.canBeSeenBy(Lorg/eclipse/jdt/internal/compiler/lookup/TypeBinding;Lorg/eclipse/jdt/internal/compiler/lookup/Invoca
Event: 3396.751 Thread 0x000001a8f9c34360 DEOPT PACKING pc=0x000001a8e6ca77bc sp=0x0000006f389fdfb0
Event: 3396.751 Thread 0x000001a8f9c34360 DEOPT UNPACKING pc=0x000001a8e6213aa2 sp=0x0000006f389fdf38 mode 2
Event: 3396.751 Thread 0x000001a8f9c34360 Uncommon trap: trap_request=0xffffff76 fr.pc=0x000001a8e7d3528c relative=0x000000000000056c
Event: 3396.751 Thread 0x000001a8f9c34360 Uncommon trap: reason=predicate action=maybe_recompile pc=0x000001a8e7d3528c method=org.eclipse.jdt.core.compiler.CharOperation.camelCaseMatch([CII[CIIZ)Z @ 81 c2
Event: 3396.751 Thread 0x000001a8f9c34360 DEOPT PACKING pc=0x000001a8e7d3528c sp=0x0000006f389fde00
Event: 3396.752 Thread 0x000001a8f9c34360 DEOPT UNPACKING pc=0x000001a8e6213aa2 sp=0x0000006f389fdd58 mode 2

Classes loaded (20 events):
Event: 3177.709 Loading class jdk/internal/module/IllegalAccessLogger
Event: 3177.710 Loading class jdk/internal/module/IllegalAccessLogger done
Event: 3187.662 Loading class jdk/internal/module/IllegalAccessLogger
Event: 3187.662 Loading class jdk/internal/module/IllegalAccessLogger done
Event: 3190.826 Loading class jdk/internal/module/IllegalAccessLogger
Event: 3190.826 Loading class jdk/internal/module/IllegalAccessLogger done
Event: 3199.596 Loading class jdk/internal/module/IllegalAccessLogger
Event: 3199.596 Loading class jdk/internal/module/IllegalAccessLogger done
Event: 3203.218 Loading class jdk/internal/module/IllegalAccessLogger
Event: 3203.218 Loading class jdk/internal/module/IllegalAccessLogger done
Event: 3368.592 Loading class jdk/internal/module/IllegalAccessLogger
Event: 3368.593 Loading class jdk/internal/module/IllegalAccessLogger done
Event: 3371.506 Loading class jdk/internal/module/IllegalAccessLogger
Event: 3371.506 Loading class jdk/internal/module/IllegalAccessLogger done
Event: 3387.079 Loading class jdk/internal/module/IllegalAccessLogger
Event: 3387.079 Loading class jdk/internal/module/IllegalAccessLogger done
Event: 3392.797 Loading class jdk/internal/module/IllegalAccessLogger
Event: 3392.797 Loading class jdk/internal/module/IllegalAccessLogger done
Event: 3399.280 Loading class jdk/internal/module/IllegalAccessLogger
Event: 3399.280 Loading class jdk/internal/module/IllegalAccessLogger done

Classes unloaded (20 events):
Event: 2218.124 Thread 0x000001a8dbc3eb30 Unloading class 0x000001a8817e5000 'java/lang/invoke/LambdaForm$MH+0x000001a8817e5000'
Event: 2218.124 Thread 0x000001a8dbc3eb30 Unloading class 0x000001a8817e5800 'java/lang/invoke/LambdaForm$MH+0x000001a8817e5800'
Event: 2218.124 Thread 0x000001a8dbc3eb30 Unloading class 0x000001a8817e6400 'java/lang/invoke/LambdaForm$MH+0x000001a8817e6400'
Event: 2218.124 Thread 0x000001a8dbc3eb30 Unloading class 0x000001a881802800 'java/lang/invoke/LambdaForm$BMH+0x000001a881802800'
Event: 2218.124 Thread 0x000001a8dbc3eb30 Unloading class 0x000001a8811ca400 'java/lang/invoke/LambdaForm$BMH+0x000001a8811ca400'
Event: 2218.124 Thread 0x000001a8dbc3eb30 Unloading class 0x000001a881167400 'java/lang/invoke/LambdaForm$MH+0x000001a881167400'
Event: 2218.124 Thread 0x000001a8dbc3eb30 Unloading class 0x000001a881166c00 'java/lang/invoke/LambdaForm$MH+0x000001a881166c00'
Event: 2218.124 Thread 0x000001a8dbc3eb30 Unloading class 0x000001a881166800 'java/lang/invoke/LambdaForm$MH+0x000001a881166800'
Event: 2218.124 Thread 0x000001a8dbc3eb30 Unloading class 0x000001a881122c00 'java/lang/invoke/LambdaForm$MH+0x000001a881122c00'
Event: 2218.124 Thread 0x000001a8dbc3eb30 Unloading class 0x000001a881121c00 'java/lang/invoke/LambdaForm$MH+0x000001a881121c00'
Event: 2218.124 Thread 0x000001a8dbc3eb30 Unloading class 0x000001a881121800 'java/lang/invoke/LambdaForm$MH+0x000001a881121800'
Event: 2218.124 Thread 0x000001a8dbc3eb30 Unloading class 0x000001a881121000 'java/lang/invoke/LambdaForm$MH+0x000001a881121000'
Event: 2218.125 Thread 0x000001a8dbc3eb30 Unloading class 0x000001a881120000 'java/lang/invoke/LambdaForm$MH+0x000001a881120000'
Event: 2552.677 Thread 0x000001a8dbc3eb30 Unloading class 0x000001a8817d6800 'java/lang/invoke/LambdaForm$MH+0x000001a8817d6800'
Event: 2552.678 Thread 0x000001a8dbc3eb30 Unloading class 0x000001a8817d6000 'java/lang/invoke/LambdaForm$MH+0x000001a8817d6000'
Event: 2552.678 Thread 0x000001a8dbc3eb30 Unloading class 0x000001a8817d5400 'java/lang/invoke/LambdaForm$MH+0x000001a8817d5400'
Event: 2552.678 Thread 0x000001a8dbc3eb30 Unloading class 0x000001a8817d5000 'java/lang/invoke/LambdaForm$MH+0x000001a8817d5000'
Event: 2552.678 Thread 0x000001a8dbc3eb30 Unloading class 0x000001a881478c00 'java/lang/invoke/LambdaForm$MH+0x000001a881478c00'
Event: 2552.678 Thread 0x000001a8dbc3eb30 Unloading class 0x000001a881166400 'java/lang/invoke/LambdaForm$MH+0x000001a881166400'
Event: 2979.901 Thread 0x000001a8dbc3eb30 Unloading class 0x000001a8811c8800 'java/lang/invoke/LambdaForm$MH+0x000001a8811c8800'

Classes redefined (0 events):
No events

Internal exceptions (20 events):
Event: 3194.249 Thread 0x000001a8f98b83a0 Exception <a 'java/lang/ArrayIndexOutOfBoundsException'{0x00000000eacde310}> (0x00000000eacde310) 
thrown [s\src\hotspot\share\runtime\sharedRuntime.cpp, line 625]
Event: 3194.496 Thread 0x000001a8f98b83a0 Exception <a 'java/lang/ArrayIndexOutOfBoundsException'{0x00000000ead32570}> (0x00000000ead32570) 
thrown [s\src\hotspot\share\runtime\sharedRuntime.cpp, line 625]
Event: 3195.302 Thread 0x000001a8f9c377e0 Exception <a 'java/lang/ArrayIndexOutOfBoundsException'{0x00000000eb012328}> (0x00000000eb012328) 
thrown [s\src\hotspot\share\runtime\sharedRuntime.cpp, line 625]
Event: 3195.715 Thread 0x000001a8f9b44930 Exception <a 'java/lang/ArrayIndexOutOfBoundsException'{0x00000000eb279260}> (0x00000000eb279260) 
thrown [s\src\hotspot\share\runtime\sharedRuntime.cpp, line 625]
Event: 3195.959 Thread 0x000001a8f9c377e0 Exception <a 'java/lang/ArrayIndexOutOfBoundsException'{0x00000000eb103d28}> (0x00000000eb103d28) 
thrown [s\src\hotspot\share\runtime\sharedRuntime.cpp, line 625]
Event: 3199.449 Thread 0x000001a8f81bc320 Exception <a 'sun/nio/fs/WindowsException'{0x00000000eabd5590}> (0x00000000eabd5590) 
thrown [s\src\hotspot\share\prims\jni.cpp, line 520]
Event: 3199.709 Thread 0x000001a8f81bc320 Exception <a 'sun/nio/fs/WindowsException'{0x00000000eac77978}> (0x00000000eac77978) 
thrown [s\src\hotspot\share\prims\jni.cpp, line 520]
Event: 3202.479 Thread 0x000001a8f81bc320 Exception <a 'sun/nio/fs/WindowsException'{0x00000000eab067e0}> (0x00000000eab067e0) 
thrown [s\src\hotspot\share\prims\jni.cpp, line 520]
Event: 3203.238 Thread 0x000001a8f81bc320 Exception <a 'sun/nio/fs/WindowsException'{0x00000000eac83408}> (0x00000000eac83408) 
thrown [s\src\hotspot\share\prims\jni.cpp, line 520]
Event: 3368.379 Thread 0x000001a8f81bc320 Exception <a 'sun/nio/fs/WindowsException'{0x00000000eab98b08}> (0x00000000eab98b08) 
thrown [s\src\hotspot\share\prims\jni.cpp, line 520]
Event: 3368.898 Thread 0x000001a8f81bc320 Exception <a 'sun/nio/fs/WindowsException'{0x00000000eab1e8e0}> (0x00000000eab1e8e0) 
thrown [s\src\hotspot\share\prims\jni.cpp, line 520]
Event: 3370.282 Thread 0x000001a8f81bc320 Exception <a 'sun/nio/fs/WindowsException'{0x00000000eab61530}> (0x00000000eab61530) 
thrown [s\src\hotspot\share\prims\jni.cpp, line 520]
Event: 3370.576 Thread 0x000001a8f81bc320 Exception <a 'sun/nio/fs/WindowsException'{0x00000000eab2a2b8}> (0x00000000eab2a2b8) 
thrown [s\src\hotspot\share\prims\jni.cpp, line 520]
Event: 3371.564 Thread 0x000001a8f9b45650 Implicit null exception at 0x000001a8e7f0823e to 0x000001a8e7f0be04
Event: 3386.963 Thread 0x000001a8f81bc320 Exception <a 'sun/nio/fs/WindowsException'{0x00000000eb124f98}> (0x00000000eb124f98) 
thrown [s\src\hotspot\share\prims\jni.cpp, line 520]
Event: 3387.105 Thread 0x000001a8f81bc320 Exception <a 'sun/nio/fs/WindowsException'{0x00000000eabe90d8}> (0x00000000eabe90d8) 
thrown [s\src\hotspot\share\prims\jni.cpp, line 520]
Event: 3392.636 Thread 0x000001a8f81bc320 Exception <a 'sun/nio/fs/WindowsException'{0x00000000eb03e418}> (0x00000000eb03e418) 
thrown [s\src\hotspot\share\prims\jni.cpp, line 520]
Event: 3392.774 Thread 0x000001a8f81bc320 Exception <a 'sun/nio/fs/WindowsException'{0x00000000eac47520}> (0x00000000eac47520) 
thrown [s\src\hotspot\share\prims\jni.cpp, line 520]
Event: 3399.128 Thread 0x000001a8f81bc320 Exception <a 'sun/nio/fs/WindowsException'{0x00000000ead45840}> (0x00000000ead45840) 
thrown [s\src\hotspot\share\prims\jni.cpp, line 520]
Event: 3399.279 Thread 0x000001a8f81bc320 Exception <a 'sun/nio/fs/WindowsException'{0x00000000eac31a10}> (0x00000000eac31a10) 
thrown [s\src\hotspot\share\prims\jni.cpp, line 520]

ZGC Phase Switch (0 events):
No events

VM Operations (20 events):
Event: 3399.221 Executing VM operation: ParallelGCFailedAllocation (Allocation Failure)
Event: 3399.224 Executing VM operation: ParallelGCFailedAllocation (Allocation Failure) done
Event: 3399.225 Executing VM operation: ParallelGCFailedAllocation (Allocation Failure)
Event: 3399.227 Executing VM operation: ParallelGCFailedAllocation (Allocation Failure) done
Event: 3399.229 Executing VM operation: ParallelGCFailedAllocation (Allocation Failure)
Event: 3399.231 Executing VM operation: ParallelGCFailedAllocation (Allocation Failure) done
Event: 3399.236 Executing VM operation: ParallelGCFailedAllocation (Allocation Failure)
Event: 3399.239 Executing VM operation: ParallelGCFailedAllocation (Allocation Failure) done
Event: 3399.256 Executing VM operation: ParallelGCFailedAllocation (Allocation Failure)
Event: 3399.262 Executing VM operation: ParallelGCFailedAllocation (Allocation Failure) done
Event: 3399.270 Executing VM operation: ParallelGCFailedAllocation (Allocation Failure)
Event: 3399.274 Executing VM operation: ParallelGCFailedAllocation (Allocation Failure) done
Event: 3399.282 Executing VM operation: ParallelGCFailedAllocation (Allocation Failure)
Event: 3399.288 Executing VM operation: ParallelGCFailedAllocation (Allocation Failure) done
Event: 3399.300 Executing VM operation: ParallelGCFailedAllocation (Allocation Failure)
Event: 3399.302 Executing VM operation: ParallelGCFailedAllocation (Allocation Failure) done
Event: 3399.315 Executing VM operation: ParallelGCFailedAllocation (Allocation Failure)
Event: 3399.319 Executing VM operation: ParallelGCFailedAllocation (Allocation Failure) done
Event: 3399.405 Executing VM operation: ParallelGCFailedAllocation (Allocation Failure)
Event: 3399.407 Executing VM operation: ParallelGCFailedAllocation (Allocation Failure) done

Memory protections (0 events):
No events

Nmethod flushes (20 events):
Event: 3370.189 Thread 0x000001a8dbc3eb30 flushing  nmethod 0x000001a8e19d6c90
Event: 3370.189 Thread 0x000001a8dbc3eb30 flushing  nmethod 0x000001a8e1ac3310
Event: 3370.189 Thread 0x000001a8dbc3eb30 flushing  nmethod 0x000001a8e1b5da90
Event: 3370.189 Thread 0x000001a8dbc3eb30 flushing  nmethod 0x000001a8e1b9ba10
Event: 3370.189 Thread 0x000001a8dbc3eb30 flushing  nmethod 0x000001a8e1c65590
Event: 3370.189 Thread 0x000001a8dbc3eb30 flushing  nmethod 0x000001a8e1c7fc90
Event: 3370.189 Thread 0x000001a8dbc3eb30 flushing  nmethod 0x000001a8e1c8ef90
Event: 3370.189 Thread 0x000001a8dbc3eb30 flushing  nmethod 0x000001a8e1cdd490
Event: 3370.189 Thread 0x000001a8dbc3eb30 flushing  nmethod 0x000001a8e1e41d10
Event: 3370.189 Thread 0x000001a8dbc3eb30 flushing  nmethod 0x000001a8e1e7b290
Event: 3370.189 Thread 0x000001a8dbc3eb30 flushing  nmethod 0x000001a8e1ec6510
Event: 3370.189 Thread 0x000001a8dbc3eb30 flushing  nmethod 0x000001a8e1ecef90
Event: 3370.189 Thread 0x000001a8dbc3eb30 flushing  nmethod 0x000001a8e1f66090
Event: 3370.189 Thread 0x000001a8dbc3eb30 flushing  nmethod 0x000001a8e2000d10
Event: 3370.189 Thread 0x000001a8dbc3eb30 flushing  nmethod 0x000001a8e203c510
Event: 3370.189 Thread 0x000001a8dbc3eb30 flushing  nmethod 0x000001a8e203eb90
Event: 3370.189 Thread 0x000001a8dbc3eb30 flushing  nmethod 0x000001a8e20f0a10
Event: 3370.190 Thread 0x000001a8dbc3eb30 flushing  nmethod 0x000001a8e2115b10
Event: 3370.190 Thread 0x000001a8dbc3eb30 flushing  nmethod 0x000001a8e221dd90
Event: 3370.190 Thread 0x000001a8dbc3eb30 flushing  nmethod 0x000001a8e22a7890

Events (20 events):
Event: 3263.908 Thread 0x000001a8f9b497f0 Thread exited: 0x000001a8f9b497f0
Event: 3295.269 Thread 0x000001a8f36e52a0 Thread exited: 0x000001a8f36e52a0
Event: 3367.062 Thread 0x000001a8f98b83a0 Thread added: 0x000001a8f8c36f20
Event: 3367.427 Thread 0x000001a8f9c34360 Thread added: 0x000001a8f8c36200
Event: 3368.240 Thread 0x000001a8f9b45650 Thread added: 0x000001a8f8c347c0
Event: 3368.384 Thread 0x000001a8f9b45650 Thread added: 0x000001a8f8c34e50
Event: 3368.398 Thread 0x000001a8fa6ba520 Thread added: 0x000001a8f9b4a510
Event: 3368.599 Thread 0x000001a8f8c347c0 Thread added: 0x000001a8f9b44fc0
Event: 3368.807 Thread 0x000001a8f8c36200 Thread added: 0x000001a8f9b46a00
Event: 3368.808 Thread 0x000001a8f9b46a00 Thread exited: 0x000001a8f9b46a00
Event: 3369.373 Thread 0x000001a8f9c34360 Thread added: 0x000001a8f9b47090
Event: 3370.254 Thread 0x000001a8fa6ba520 Thread added: 0x000001a8f9b442a0
Event: 3374.319 Thread 0x000001a8f8c36200 Thread added: 0x000001a8f9b45ce0
Event: 3382.742 Thread 0x000001a8f168ddd0 Thread added: 0x000001a8fe9066c0
Event: 3383.065 Thread 0x000001a8fe9066c0 Thread exited: 0x000001a8fe9066c0
Event: 3384.337 Thread 0x000001a8f9b45ce0 Thread exited: 0x000001a8f9b45ce0
Event: 3385.456 Thread 0x000001a8f8c36200 Thread added: 0x000001a8f9b45ce0
Event: 3385.456 Thread 0x000001a8f9b45ce0 Thread exited: 0x000001a8f9b45ce0
Event: 3388.902 Thread 0x000001a8f8c36200 Thread added: 0x000001a8f9b497f0
Event: 3398.906 Thread 0x000001a8f9b497f0 Thread exited: 0x000001a8f9b497f0


Dynamic libraries:
0x00007ff613590000 - 0x00007ff61359e000 	c:\Users\Jake\.vscode\extensions\redhat.java-1.40.0-win32-x64\jre\21.0.6-win32-x86_64\bin\java.exe
0x00007ffe0bef0000 - 0x00007ffe0c107000 	C:\Windows\SYSTEM32\ntdll.dll
0x00007ffe0a7a0000 - 0x00007ffe0a864000 	C:\Windows\System32\KERNEL32.DLL
0x00007ffe09810000 - 0x00007ffe09be0000 	C:\Windows\System32\KERNELBASE.dll
0x00007ffe094d0000 - 0x00007ffe095e1000 	C:\Windows\System32\ucrtbase.dll
0x00007ffdd23f0000 - 0x00007ffdd240e000 	c:\Users\Jake\.vscode\extensions\redhat.java-1.40.0-win32-x64\jre\21.0.6-win32-x86_64\bin\VCRUNTIME140.dll
0x00007ffdcfc50000 - 0x00007ffdcfc68000 	c:\Users\Jake\.vscode\extensions\redhat.java-1.40.0-win32-x64\jre\21.0.6-win32-x86_64\bin\jli.dll
0x00007ffe0ba30000 - 0x00007ffe0bbde000 	C:\Windows\System32\USER32.dll
0x00007ffe09670000 - 0x00007ffe09696000 	C:\Windows\System32\win32u.dll
0x00007ffe0a870000 - 0x00007ffe0a899000 	C:\Windows\System32\GDI32.dll
0x00007ffe091a0000 - 0x00007ffe092bb000 	C:\Windows\System32\gdi32full.dll
0x00007ffe093b0000 - 0x00007ffe0944a000 	C:\Windows\System32\msvcp_win.dll
0x00007ffdf4100000 - 0x00007ffdf4392000 	C:\Windows\WinSxS\amd64_microsoft.windows.common-controls_6595b64144ccf1df_6.0.22621.4830_none_270fe7d773858e80\COMCTL32.dll
0x00007ffe0a2f0000 - 0x00007ffe0a397000 	C:\Windows\System32\msvcrt.dll
0x00007ffe0b830000 - 0x00007ffe0b861000 	C:\Windows\System32\IMM32.DLL
0x00007ffdea930000 - 0x00007ffdea93c000 	c:\Users\Jake\.vscode\extensions\redhat.java-1.40.0-win32-x64\jre\21.0.6-win32-x86_64\bin\vcruntime140_1.dll
0x00007ffdb00a0000 - 0x00007ffdb012d000 	c:\Users\Jake\.vscode\extensions\redhat.java-1.40.0-win32-x64\jre\21.0.6-win32-x86_64\bin\msvcp140.dll
0x00007ffd9b0e0000 - 0x00007ffd9be70000 	c:\Users\Jake\.vscode\extensions\redhat.java-1.40.0-win32-x64\jre\21.0.6-win32-x86_64\bin\server\jvm.dll
0x00007ffe0a6e0000 - 0x00007ffe0a791000 	C:\Windows\System32\ADVAPI32.dll
0x00007ffe0be00000 - 0x00007ffe0bea7000 	C:\Windows\System32\sechost.dll
0x00007ffe09380000 - 0x00007ffe093a8000 	C:\Windows\System32\bcrypt.dll
0x00007ffe0a3a0000 - 0x00007ffe0a4b4000 	C:\Windows\System32\RPCRT4.dll
0x00007ffe0a0f0000 - 0x00007ffe0a161000 	C:\Windows\System32\WS2_32.dll
0x00007ffe09070000 - 0x00007ffe090bd000 	C:\Windows\SYSTEM32\POWRPROF.dll
0x00007ffe011d0000 - 0x00007ffe01204000 	C:\Windows\SYSTEM32\WINMM.dll
0x00007ffdf53d0000 - 0x00007ffdf53da000 	C:\Windows\SYSTEM32\VERSION.dll
0x00007ffe09050000 - 0x00007ffe09063000 	C:\Windows\SYSTEM32\UMPDC.dll
0x00007ffe081a0000 - 0x00007ffe081b8000 	C:\Windows\SYSTEM32\kernel.appcore.dll
0x00007ffde4ea0000 - 0x00007ffde4eaa000 	c:\Users\Jake\.vscode\extensions\redhat.java-1.40.0-win32-x64\jre\21.0.6-win32-x86_64\bin\jimage.dll
0x00007ffe069e0000 - 0x00007ffe06c12000 	C:\Windows\SYSTEM32\DBGHELP.DLL
0x00007ffe0a8a0000 - 0x00007ffe0ac30000 	C:\Windows\System32\combase.dll
0x00007ffe0bd20000 - 0x00007ffe0bdf7000 	C:\Windows\System32\OLEAUT32.dll
0x00007ffdd5430000 - 0x00007ffdd5462000 	C:\Windows\SYSTEM32\dbgcore.DLL
0x00007ffe09450000 - 0x00007ffe094cb000 	C:\Windows\System32\bcryptPrimitives.dll
0x00007ffde3fc0000 - 0x00007ffde3fcf000 	c:\Users\Jake\.vscode\extensions\redhat.java-1.40.0-win32-x64\jre\21.0.6-win32-x86_64\bin\instrument.dll
0x00007ffdc8700000 - 0x00007ffdc871f000 	c:\Users\Jake\.vscode\extensions\redhat.java-1.40.0-win32-x64\jre\21.0.6-win32-x86_64\bin\java.dll
0x00007ffe0ad40000 - 0x00007ffe0b5b8000 	C:\Windows\System32\SHELL32.dll
0x00007ffe070a0000 - 0x00007ffe079b0000 	C:\Windows\SYSTEM32\windows.storage.dll
0x00007ffe06f60000 - 0x00007ffe0709f000 	C:\Windows\SYSTEM32\wintypes.dll
0x00007ffe0bbe0000 - 0x00007ffe0bcea000 	C:\Windows\System32\SHCORE.dll
0x00007ffe0b7d0000 - 0x00007ffe0b82e000 	C:\Windows\System32\shlwapi.dll
0x00007ffe090d0000 - 0x00007ffe090fb000 	C:\Windows\SYSTEM32\profapi.dll
0x00007ffdcc390000 - 0x00007ffdcc3a8000 	c:\Users\Jake\.vscode\extensions\redhat.java-1.40.0-win32-x64\jre\21.0.6-win32-x86_64\bin\zip.dll
0x00007ffde39d0000 - 0x00007ffde39e0000 	C:\Users\Jake\.vscode\extensions\redhat.java-1.40.0-win32-x64\jre\21.0.6-win32-x86_64\bin\net.dll
0x00007ffe04ec0000 - 0x00007ffe04fec000 	C:\Windows\SYSTEM32\WINHTTP.dll
0x00007ffe08610000 - 0x00007ffe0867a000 	C:\Windows\system32\mswsock.dll
0x00007ffdc48d0000 - 0x00007ffdc48e6000 	C:\Users\Jake\.vscode\extensions\redhat.java-1.40.0-win32-x64\jre\21.0.6-win32-x86_64\bin\nio.dll
0x00007ffde0160000 - 0x00007ffde0170000 	c:\Users\Jake\.vscode\extensions\redhat.java-1.40.0-win32-x64\jre\21.0.6-win32-x86_64\bin\verify.dll
0x00007ffdb60c0000 - 0x00007ffdb6105000 	C:\Users\Jake\AppData\Roaming\Code\User\globalStorage\redhat.java\1.40.0\config_win\org.eclipse.equinox.launcher\org.eclipse.equinox.launcher.win32.win32.x86_64_1.2.1200.v20250212-0927\eclipse_11909.dll
0x00007ffe0b870000 - 0x00007ffe0ba11000 	C:\Windows\System32\ole32.dll
0x00007ffe08960000 - 0x00007ffe0897b000 	C:\Windows\SYSTEM32\CRYPTSP.dll
0x00007ffe08100000 - 0x00007ffe08135000 	C:\Windows\system32\rsaenh.dll
0x00007ffe086b0000 - 0x00007ffe086d8000 	C:\Windows\SYSTEM32\USERENV.dll
0x00007ffe08940000 - 0x00007ffe0894c000 	C:\Windows\SYSTEM32\CRYPTBASE.dll
0x00007ffe07c50000 - 0x00007ffe07c7d000 	C:\Windows\SYSTEM32\IPHLPAPI.DLL
0x00007ffe0a290000 - 0x00007ffe0a299000 	C:\Windows\System32\NSI.dll
0x00007ffdc0ac0000 - 0x00007ffdc0b09000 	C:\Users\Jake\AppData\Local\Temp\jna-2301169\jna2154680460845244994.dll
0x00007ffe0ba20000 - 0x00007ffe0ba28000 	C:\Windows\System32\PSAPI.DLL
0x00007ffe01fd0000 - 0x00007ffe01fe9000 	C:\Windows\SYSTEM32\dhcpcsvc6.DLL
0x00007ffe01ab0000 - 0x00007ffe01acf000 	C:\Windows\SYSTEM32\dhcpcsvc.DLL
0x00007ffdf0190000 - 0x00007ffdf019e000 	C:\Users\Jake\.vscode\extensions\redhat.java-1.40.0-win32-x64\jre\21.0.6-win32-x86_64\bin\sunmscapi.dll
0x00007ffe096a0000 - 0x00007ffe09806000 	C:\Windows\System32\CRYPT32.dll
0x00007ffe08a70000 - 0x00007ffe08a9d000 	C:\Windows\SYSTEM32\ncrypt.dll
0x00007ffe08a30000 - 0x00007ffe08a67000 	C:\Windows\SYSTEM32\NTASN1.dll
0x00007ffe07cd0000 - 0x00007ffe07dd2000 	C:\Windows\SYSTEM32\DNSAPI.dll
0x0000000066760000 - 0x0000000066786000 	C:\Program Files\Bonjour\mdnsNSP.dll
0x00007ffe02090000 - 0x00007ffe0209a000 	C:\Windows\System32\rasadhlp.dll
0x00007ffe014a0000 - 0x00007ffe01523000 	C:\Windows\System32\fwpuclnt.dll
0x00007ffe02ed0000 - 0x00007ffe02ed9000 	C:\Users\Jake\.vscode\extensions\redhat.java-1.40.0-win32-x64\jre\21.0.6-win32-x86_64\bin\extnet.dll

dbghelp: loaded successfully - version: 4.0.5 - missing functions: none
symbol engine: initialized successfully - sym options: 0x614 - pdb path: .;c:\Users\Jake\.vscode\extensions\redhat.java-1.40.0-win32-x64\jre\21.0.6-win32-x86_64\bin;C:\Windows\SYSTEM32;C:\Windows\WinSxS\amd64_microsoft.windows.common-controls_6595b64144ccf1df_6.0.22621.4830_none_270fe7d773858e80;c:\Users\Jake\.vscode\extensions\redhat.java-1.40.0-win32-x64\jre\21.0.6-win32-x86_64\bin\server;C:\Users\Jake\AppData\Roaming\Code\User\globalStorage\redhat.java\1.40.0\config_win\org.eclipse.equinox.launcher\org.eclipse.equinox.launcher.win32.win32.x86_64_1.2.1200.v20250212-0927;C:\Users\Jake\AppData\Local\Temp\jna-2301169;C:\Program Files\Bonjour

VM Arguments:
jvm_args: --add-modules=ALL-SYSTEM --add-opens=java.base/java.util=ALL-UNNAMED --add-opens=java.base/java.lang=ALL-UNNAMED --add-opens=java.base/sun.nio.fs=ALL-UNNAMED -Declipse.application=org.eclipse.jdt.ls.core.id1 -Dosgi.bundles.defaultStartLevel=4 -Declipse.product=org.eclipse.jdt.ls.core.product -Djava.import.generatesMetadataFilesAtProjectRoot=false -DDetectVMInstallationsJob.disabled=true -Dfile.encoding=utf8 -XX:+UseParallelGC -XX:GCTimeRatio=4 -XX:AdaptiveSizePolicyWeight=90 -Dsun.zip.disableMemoryMapping=true -Xmx1G -Xms100m -Xlog:disable -javaagent:c:\Users\Jake\.vscode\extensions\redhat.java-1.40.0-win32-x64\lombok\lombok-1.18.36.jar -XX:+HeapDumpOnOutOfMemoryError -XX:HeapDumpPath=c:\Users\Jake\AppData\Roaming\Code\User\workspaceStorage\1d69903e879d3bd5bf9cc7121269b842\redhat.java -Daether.dependencyCollector.impl=bf 
java_command: c:\Users\Jake\.vscode\extensions\redhat.java-1.40.0-win32-x64\server\plugins\org.eclipse.equinox.launcher_1.6.1000.v20250131-0606.jar -configuration c:\Users\Jake\AppData\Roaming\Code\User\globalStorage\redhat.java\1.40.0\config_win -data c:\Users\Jake\AppData\Roaming\Code\User\workspaceStorage\1d69903e879d3bd5bf9cc7121269b842\redhat.java\jdt_ws --pipe=\\.\pipe\lsp-7810d42a40fb5448a1a7cf9e63ca2998-sock
java_class_path (initial): c:\Users\Jake\.vscode\extensions\redhat.java-1.40.0-win32-x64\server\plugins\org.eclipse.equinox.launcher_1.6.1000.v20250131-0606.jar
Launcher Type: SUN_STANDARD

[Global flags]
    uintx AdaptiveSizePolicyWeight                 = 90                                        {product} {command line}
     intx CICompilerCount                          = 12                                        {product} {ergonomic}
    uintx GCTimeRatio                              = 4                                         {product} {command line}
     bool HeapDumpOnOutOfMemoryError               = true                                   {manageable} {command line}
    ccstr HeapDumpPath                             = c:\Users\Jake\AppData\Roaming\Code\User\workspaceStorage\1d69903e879d3bd5bf9cc7121269b842\redhat.java         {manageable} {command line}
   size_t InitialHeapSize                          = 104857600                                 {product} {command line}
   size_t MaxHeapSize                              = 1073741824                                {product} {command line}
   size_t MaxNewSize                               = 357564416                                 {product} {ergonomic}
   size_t MinHeapDeltaBytes                        = 524288                                    {product} {ergonomic}
   size_t MinHeapSize                              = 104857600                                 {product} {command line}
   size_t NewSize                                  = 34603008                                  {product} {ergonomic}
    uintx NonNMethodCodeHeapSize                   = 7602480                                {pd product} {ergonomic}
    uintx NonProfiledCodeHeapSize                  = 122027880                              {pd product} {ergonomic}
   size_t OldSize                                  = 70254592                                  {product} {ergonomic}
    uintx ProfiledCodeHeapSize                     = 122027880                              {pd product} {ergonomic}
    uintx ReservedCodeCacheSize                    = 251658240                              {pd product} {ergonomic}
     bool SegmentedCodeCache                       = true                                      {product} {ergonomic}
   size_t SoftMaxHeapSize                          = 1073741824                             {manageable} {ergonomic}
     bool UseCompressedOops                        = true                           {product lp64_product} {ergonomic}
     bool UseLargePagesIndividualAllocation        = false                                  {pd product} {ergonomic}
     bool UseParallelGC                            = true                                      {product} {command line}

Logging:
Log output configuration:
 #0: stdout all=off uptime,level,tags foldmultilines=false
 #1: stderr all=off uptime,level,tags foldmultilines=false

Environment Variables:
JAVA_HOME=C:\Program Files\Java\jdk-23
PATH=C:\Program Files\Common Files\Oracle\Java\javapath;C:\Windows\system32;C:\Windows;C:\Windows\System32\Wbem;C:\Windows\System32\WindowsPowerShell\v1.0\;C:\Windows\System32\OpenSSH\;C:\Program Files\dotnet\;C:\ProgramData\chocolatey\bin;C:\Program Files\Git\cmd;C:\Program Files\Docker\Docker\resources\bin;C:\Program Files (x86)\Yarn\bin\;C:\Program Files\WireGuard\;C:\Users\Jake\AppData\Local\nvm;C:\nvm4w\nodejs;C:\Program Files\Java\jdk-23\bin;C:\Program Files\PostgreSQL\17\bin;C:\Users\Jake\AppData\Local\Programs\Python\Launcher\;C:\Users\Jake\AppData\Local\Microsoft\WindowsApps;C:\Users\Jake\AppData\Local\Programs\Microsoft VS Code\bin;C:\Users\Jake\AppData\Local\GitHubDesktop\bin;C:\Users\Jake\AppData\Roaming\npm;C:\Users\Jake\AppData\Local\Yarn\bin;C:\Users\Jake\AppData\Local\nvm;C:\nvm4w\nodejs;C:\Program Files\JetBrains\IntelliJ IDEA 2024.3.1\bin;;C:\Users\Jake\Downloads\apache-maven-3.9.9-bin\apache-maven-3.9.9\bin;
USERNAME=Jake
OS=Windows_NT
PROCESSOR_IDENTIFIER=Intel64 Family 6 Model 191 Stepping 2, GenuineIntel
TMP=C:\Users\Jake\AppData\Local\Temp
TEMP=C:\Users\Jake\AppData\Local\Temp




Periodic native trim disabled

---------------  S Y S T E M  ---------------

OS:
 Windows 11 , 64 bit Build 22621 (10.0.22621.4830)
OS uptime: 20 days 8:24 hours
Hyper-V role detected

CPU: total 20 (initial active 20) (10 cores per cpu, 2 threads per core) family 6 model 191 stepping 2 microcode 0x36, cx8, cmov, fxsr, ht, mmx, 3dnowpref, sse, sse2, sse3, ssse3, sse4.1, sse4.2, popcnt, lzcnt, tsc, tscinvbit, avx, avx2, aes, erms, clmul, bmi1, bmi2, adx, sha, fma, vzeroupper, clflush, clflushopt, clwb, hv, serialize, rdtscp, rdpid, fsrm, f16c, cet_ibt, cet_ss
Processor Information for processor 0
  Max Mhz: 1600, Current Mhz: 1600, Mhz Limit: 1600
Processor Information for processor 1
  Max Mhz: 1600, Current Mhz: 1600, Mhz Limit: 1600
Processor Information for processor 2
  Max Mhz: 1600, Current Mhz: 1600, Mhz Limit: 1600
Processor Information for processor 3
  Max Mhz: 1600, Current Mhz: 1600, Mhz Limit: 1600
Processor Information for processor 4
  Max Mhz: 1600, Current Mhz: 1600, Mhz Limit: 1600
Processor Information for processor 5
  Max Mhz: 1600, Current Mhz: 1600, Mhz Limit: 1600
Processor Information for processor 6
  Max Mhz: 1600, Current Mhz: 1600, Mhz Limit: 1600
Processor Information for processor 7
  Max Mhz: 1600, Current Mhz: 1600, Mhz Limit: 1600
Processor Information for processor 8
  Max Mhz: 1600, Current Mhz: 1600, Mhz Limit: 1600
Processor Information for processor 9
  Max Mhz: 1600, Current Mhz: 1600, Mhz Limit: 1600
Processor Information for processor 10
  Max Mhz: 1600, Current Mhz: 1600, Mhz Limit: 1600
Processor Information for processor 11
  Max Mhz: 1600, Current Mhz: 1600, Mhz Limit: 1600
Processor Information for processor 12
  Max Mhz: 1600, Current Mhz: 1200, Mhz Limit: 1200
Processor Information for processor 13
  Max Mhz: 1600, Current Mhz: 1200, Mhz Limit: 1200
Processor Information for processor 14
  Max Mhz: 1600, Current Mhz: 1200, Mhz Limit: 1200
Processor Information for processor 15
  Max Mhz: 1600, Current Mhz: 1200, Mhz Limit: 1200
Processor Information for processor 16
  Max Mhz: 1600, Current Mhz: 1200, Mhz Limit: 1200
Processor Information for processor 17
  Max Mhz: 1600, Current Mhz: 1200, Mhz Limit: 1200
Processor Information for processor 18
  Max Mhz: 1600, Current Mhz: 1200, Mhz Limit: 1200
Processor Information for processor 19
  Max Mhz: 1600, Current Mhz: 1200, Mhz Limit: 1200

Memory: 4k page, system-wide physical 7880M (245M free)
TotalPageFile size 27880M (AvailPageFile size 13M)
current process WorkingSet (physical memory assigned to process): 661M, peak: 863M
current process commit charge ("private bytes"): 1018M, peak: 1101M

vm_info: OpenJDK 64-Bit Server VM (21.0.6+7-LTS) for windows-amd64 JRE (21.0.6+7-LTS), built on 2025-01-21T00:00:00Z by "admin" with MS VC++ 17.7 (VS2022)

END.
