#
# There is insufficient memory for the Java Runtime Environment to continue.
# Native memory allocation (malloc) failed to allocate 1109696 bytes. Error detail: Chunk::new
# Possible reasons:
#   The system is out of physical RAM or swap space
#   This process is running with CompressedOops enabled, and the Java Heap may be blocking the growth of the native heap
# Possible solutions:
#   Reduce memory load on the system
#   Increase physical memory or swap space
#   Check if swap backing store is full
#   Decrease Java heap size (-Xmx/-Xms)
#   Decrease number of Java threads
#   Decrease Java thread stack sizes (-Xss)
#   Set larger code cache with -XX:ReservedCodeCacheSize=
#   JVM is running with Unscaled Compressed Oops mode in which the Java heap is
#     placed in the first 4GB address space. The Java Heap base address is the
#     maximum limit for the native heap growth. Please use -XX:HeapBaseMinAddress
#     to set the Java Heap base and to place the Java Heap above 4GB virtual address.
# This output file may be truncated or incomplete.
#
#  Out of Memory Error (arena.cpp:168), pid=21484, tid=56648
#
# JRE version: OpenJDK Runtime Environment Temurin-21.0.6+7 (21.0.6+7) (build 21.0.6+7-LTS)
# Java VM: OpenJDK 64-Bit Server VM Temurin-21.0.6+7 (21.0.6+7-LTS, mixed mode, sharing, tiered, compressed oops, compressed class ptrs, parallel gc, windows-amd64)
# No core dump will be written. Minidumps are not enabled by default on client versions of Windows
#

---------------  S U M M A R Y ------------

Command Line: --add-modules=ALL-SYSTEM --add-opens=java.base/java.util=ALL-UNNAMED --add-opens=java.base/java.lang=ALL-UNNAMED --add-opens=java.base/sun.nio.fs=ALL-UNNAMED -Declipse.application=org.eclipse.jdt.ls.core.id1 -Dosgi.bundles.defaultStartLevel=4 -Declipse.product=org.eclipse.jdt.ls.core.product -Djava.import.generatesMetadataFilesAtProjectRoot=false -DDetectVMInstallationsJob.disabled=true -Dfile.encoding=utf8 -XX:+UseParallelGC -XX:GCTimeRatio=4 -XX:AdaptiveSizePolicyWeight=90 -Dsun.zip.disableMemoryMapping=true -Xmx1G -Xms100m -Xlog:disable -javaagent:c:\Users\Jake\.vscode\extensions\redhat.java-1.40.0-win32-x64\lombok\lombok-1.18.36.jar -XX:+HeapDumpOnOutOfMemoryError -XX:HeapDumpPath=c:\Users\Jake\AppData\Roaming\Code\User\workspaceStorage\1d69903e879d3bd5bf9cc7121269b842\redhat.java -Daether.dependencyCollector.impl=bf c:\Users\Jake\.vscode\extensions\redhat.java-1.40.0-win32-x64\server\plugins\org.eclipse.equinox.launcher_1.6.1000.v20250131-0606.jar -configuration c:\Users\Jake\AppData\Roaming\Code\User\globalStorage\redhat.java\1.40.0\config_win -data c:\Users\Jake\AppData\Roaming\Code\User\workspaceStorage\1d69903e879d3bd5bf9cc7121269b842\redhat.java\jdt_ws --pipe=\\.\pipe\lsp-628c51c177da420a8702ca4e0eb90e2c-sock

Host: 13th Gen Intel(R) Core(TM) i5-13500T, 20 cores, 7G,  Windows 11 , 64 bit Build 22621 (10.0.22621.4830)
Time: Thu Mar 20 12:14:11 2025 W. Central Africa Standard Time elapsed time: 11587.270748 seconds (0d 3h 13m 7s)

---------------  T H R E A D  ---------------

Current thread (0x0000023f6a673f90):  JavaThread "C2 CompilerThread0" daemon [_thread_in_native, id=56648, stack(0x000000af32d00000,0x000000af32e00000) (1024K)]


Current CompileTask:
C2:11587270 44949   !   4       org.eclipse.jdt.internal.core.manipulation.JavaElementLabelComposerCore::appendMethodLabel (332 bytes)

Stack: [0x000000af32d00000,0x000000af32e00000]
Native frames: (J=compiled Java code, j=interpreted, Vv=VM code, C=native code)
V  [jvm.dll+0x6cdee9]
V  [jvm.dll+0x8a83d1]
V  [jvm.dll+0x8aa8fe]
V  [jvm.dll+0x8aafe3]
V  [jvm.dll+0x27f706]
V  [jvm.dll+0xc500d]
V  [jvm.dll+0xc5543]
V  [jvm.dll+0x3b678c]
V  [jvm.dll+0x382935]
V  [jvm.dll+0x381d9a]
V  [jvm.dll+0x2479f0]
V  [jvm.dll+0x246fcf]
V  [jvm.dll+0x1c75ee]
V  [jvm.dll+0x25685a]
V  [jvm.dll+0x254dfa]
V  [jvm.dll+0x3f0256]
V  [jvm.dll+0x851f8b]
V  [jvm.dll+0x6cc5ed]
C  [ucrtbase.dll+0x29333]
C  [KERNEL32.DLL+0x1259d]
C  [ntdll.dll+0x5af38]


---------------  P R O C E S S  ---------------

Threads class SMR info:
_java_thread_list=0x0000023f6c389140, length=94, elements={
0x0000023f54b40ee0, 0x0000023f6a66a3b0, 0x0000023f68f2e870, 0x0000023f6a66ce10,
0x0000023f6a66dd20, 0x0000023f6a6733e0, 0x0000023f6a671c00, 0x0000023f6a673f90,
0x0000023f6a6914c0, 0x0000023f6a7484c0, 0x0000023f6c356490, 0x0000023f6c8edb70,
0x0000023f6cac68b0, 0x0000023f71074ed0, 0x0000023f710775a0, 0x0000023f7151db90,
0x0000023f715195c0, 0x0000023f71519c50, 0x0000023f7151a970, 0x0000023f7151b690,
0x0000023f72420a00, 0x0000023f7241e2a0, 0x0000023f7241dc10, 0x0000023f72421db0,
0x0000023f7241f650, 0x0000023f72422ad0, 0x0000023f7241fce0, 0x0000023f7241e930,
0x0000023f7241cef0, 0x0000023f7241d580, 0x0000023f7241bb40, 0x0000023f7241efc0,
0x0000023f72422440, 0x0000023f72421090, 0x0000023f72423160, 0x0000023f7241c1d0,
0x0000023f72421720, 0x0000023f7241c860, 0x0000023f71118a20, 0x0000023f71114880,
0x0000023f71119dd0, 0x0000023f711141f0, 0x0000023f71116950, 0x0000023f7111b810,
0x0000023f7151b000, 0x0000023f7111aaf0, 0x0000023f711155a0, 0x0000023f71118390,
0x0000023f711190b0, 0x0000023f744e7dc0, 0x0000023f744e9800, 0x0000023f744e9e90,
0x0000023f744ebf60, 0x0000023f744e8450, 0x0000023f744e4fd0, 0x0000023f744eb240,
0x0000023f744e6a10, 0x0000023f744e7730, 0x0000023f74212f90, 0x0000023f7420f480,
0x0000023f742149d0, 0x0000023f7420e760, 0x0000023f7420edf0, 0x0000023f74210ec0,
0x0000023f74211550, 0x0000023f74215060, 0x0000023f74212900, 0x0000023f74212270,
0x0000023f74213620, 0x0000023f742156f0, 0x0000023f74f1ca80, 0x0000023f74f1eb50,
0x0000023f74f19c90, 0x0000023f74f20590, 0x0000023f74f1a320, 0x0000023f74f1c3f0,
0x0000023f74f1a9b0, 0x0000023f74f1f870, 0x0000023f74f1b6d0, 0x0000023f74f1bd60,
0x0000023f74f1d110, 0x0000023f6c4f7b70, 0x0000023f6c4fa960, 0x0000023f6c4f95b0,
0x0000023f6c4fa2d0, 0x0000023f6c4fdde0, 0x0000023f6c4fe470, 0x0000023f6c4faff0,
0x0000023f6c4fbd10, 0x0000023f6c4f8200, 0x0000023f6c4f8890, 0x0000023f6c4fd0c0,
0x0000023f711162c0, 0x0000023f71117670
}

Java Threads: ( => current thread )
  0x0000023f54b40ee0 JavaThread "main"                              [_thread_blocked, id=43404, stack(0x000000af32300000,0x000000af32400000) (1024K)]
  0x0000023f6a66a3b0 JavaThread "Reference Handler"          daemon [_thread_blocked, id=20620, stack(0x000000af32700000,0x000000af32800000) (1024K)]
  0x0000023f68f2e870 JavaThread "Finalizer"                  daemon [_thread_blocked, id=32244, stack(0x000000af32800000,0x000000af32900000) (1024K)]
  0x0000023f6a66ce10 JavaThread "Signal Dispatcher"          daemon [_thread_blocked, id=50832, stack(0x000000af32900000,0x000000af32a00000) (1024K)]
  0x0000023f6a66dd20 JavaThread "Attach Listener"            daemon [_thread_blocked, id=48272, stack(0x000000af32a00000,0x000000af32b00000) (1024K)]
  0x0000023f6a6733e0 JavaThread "Service Thread"             daemon [_thread_blocked, id=28916, stack(0x000000af32b00000,0x000000af32c00000) (1024K)]
  0x0000023f6a671c00 JavaThread "Monitor Deflation Thread"   daemon [_thread_blocked, id=20648, stack(0x000000af32c00000,0x000000af32d00000) (1024K)]
=>0x0000023f6a673f90 JavaThread "C2 CompilerThread0"         daemon [_thread_in_native, id=56648, stack(0x000000af32d00000,0x000000af32e00000) (1024K)]
  0x0000023f6a6914c0 JavaThread "C1 CompilerThread0"         daemon [_thread_blocked, id=36708, stack(0x000000af32e00000,0x000000af32f00000) (1024K)]
  0x0000023f6a7484c0 JavaThread "Common-Cleaner"             daemon [_thread_blocked, id=30696, stack(0x000000af32f00000,0x000000af33000000) (1024K)]
  0x0000023f6c356490 JavaThread "Notification Thread"        daemon [_thread_blocked, id=9100, stack(0x000000af33000000,0x000000af33100000) (1024K)]
  0x0000023f6c8edb70 JavaThread "Active Thread: Equinox Container: b4e4097f-9c1d-4944-b7d4-7fcea55d20a2"        [_thread_blocked, id=60176, stack(0x000000af33a00000,0x000000af33b00000) (1024K)]
  0x0000023f6cac68b0 JavaThread "Refresh Thread: Equinox Container: b4e4097f-9c1d-4944-b7d4-7fcea55d20a2" daemon [_thread_blocked, id=54412, stack(0x000000af33b00000,0x000000af33c00000) (1024K)]
  0x0000023f71074ed0 JavaThread "Framework Event Dispatcher: Equinox Container: b4e4097f-9c1d-4944-b7d4-7fcea55d20a2" daemon [_thread_blocked, id=34748, stack(0x000000af33d00000,0x000000af33e00000) (1024K)]
  0x0000023f710775a0 JavaThread "Start Level: Equinox Container: b4e4097f-9c1d-4944-b7d4-7fcea55d20a2" daemon [_thread_blocked, id=32464, stack(0x000000af33e00000,0x000000af33f00000) (1024K)]
  0x0000023f7151db90 JavaThread "Bundle File Closer"         daemon [_thread_blocked, id=43096, stack(0x000000af33f00000,0x000000af34000000) (1024K)]
  0x0000023f715195c0 JavaThread "SCR Component Actor"        daemon [_thread_blocked, id=1200, stack(0x000000af34200000,0x000000af34300000) (1024K)]
  0x0000023f71519c50 JavaThread "Worker-JM"                         [_thread_blocked, id=29824, stack(0x000000af34700000,0x000000af34800000) (1024K)]
  0x0000023f7151a970 JavaThread "JNA Cleaner"                daemon [_thread_blocked, id=26036, stack(0x000000af34a00000,0x000000af34b00000) (1024K)]
  0x0000023f7151b690 JavaThread "Java indexing"              daemon [_thread_blocked, id=25244, stack(0x000000af34d00000,0x000000af34e00000) (1024K)]
  0x0000023f72420a00 JavaThread "Thread-2"                   daemon [_thread_in_native, id=44112, stack(0x000000af35300000,0x000000af35400000) (1024K)]
  0x0000023f7241e2a0 JavaThread "Thread-3"                   daemon [_thread_in_native, id=42988, stack(0x000000af35400000,0x000000af35500000) (1024K)]
  0x0000023f7241dc10 JavaThread "Thread-4"                   daemon [_thread_in_native, id=25552, stack(0x000000af35500000,0x000000af35600000) (1024K)]
  0x0000023f72421db0 JavaThread "Thread-5"                   daemon [_thread_in_native, id=22836, stack(0x000000af35600000,0x000000af35700000) (1024K)]
  0x0000023f7241f650 JavaThread "Thread-6"                   daemon [_thread_in_native, id=22252, stack(0x000000af35700000,0x000000af35800000) (1024K)]
  0x0000023f72422ad0 JavaThread "Thread-7"                   daemon [_thread_in_native, id=21376, stack(0x000000af35800000,0x000000af35900000) (1024K)]
  0x0000023f7241fce0 JavaThread "Thread-8"                   daemon [_thread_in_native, id=54612, stack(0x000000af35900000,0x000000af35a00000) (1024K)]
  0x0000023f7241e930 JavaThread "Thread-9"                   daemon [_thread_in_native, id=4284, stack(0x000000af35a00000,0x000000af35b00000) (1024K)]
  0x0000023f7241cef0 JavaThread "Thread-10"                  daemon [_thread_in_native, id=57156, stack(0x000000af35b00000,0x000000af35c00000) (1024K)]
  0x0000023f7241d580 JavaThread "Thread-11"                  daemon [_thread_in_native, id=44768, stack(0x000000af35c00000,0x000000af35d00000) (1024K)]
  0x0000023f7241bb40 JavaThread "Thread-12"                  daemon [_thread_in_native, id=60776, stack(0x000000af35d00000,0x000000af35e00000) (1024K)]
  0x0000023f7241efc0 JavaThread "Thread-13"                  daemon [_thread_in_native, id=55220, stack(0x000000af35e00000,0x000000af35f00000) (1024K)]
  0x0000023f72422440 JavaThread "Thread-14"                  daemon [_thread_in_native, id=39012, stack(0x000000af35f00000,0x000000af36000000) (1024K)]
  0x0000023f72421090 JavaThread "Thread-15"                  daemon [_thread_in_native, id=56920, stack(0x000000af36000000,0x000000af36100000) (1024K)]
  0x0000023f72423160 JavaThread "Thread-16"                  daemon [_thread_in_native, id=50124, stack(0x000000af36100000,0x000000af36200000) (1024K)]
  0x0000023f7241c1d0 JavaThread "Thread-17"                  daemon [_thread_in_native, id=58008, stack(0x000000af36200000,0x000000af36300000) (1024K)]
  0x0000023f72421720 JavaThread "Thread-18"                  daemon [_thread_in_native, id=54780, stack(0x000000af36300000,0x000000af36400000) (1024K)]
  0x0000023f7241c860 JavaThread "Thread-19"                  daemon [_thread_in_native, id=7624, stack(0x000000af36400000,0x000000af36500000) (1024K)]
  0x0000023f71118a20 JavaThread "Thread-20"                  daemon [_thread_in_native, id=55108, stack(0x000000af36500000,0x000000af36600000) (1024K)]
  0x0000023f71114880 JavaThread "Thread-21"                  daemon [_thread_blocked, id=33360, stack(0x000000af36600000,0x000000af36700000) (1024K)]
  0x0000023f71119dd0 JavaThread "Thread-22"                  daemon [_thread_in_native, id=43588, stack(0x000000af36700000,0x000000af36800000) (1024K)]
  0x0000023f711141f0 JavaThread "pool-2-thread-1"                   [_thread_blocked, id=28772, stack(0x000000af36800000,0x000000af36900000) (1024K)]
  0x0000023f71116950 JavaThread "WorkspaceEventsHandler"            [_thread_blocked, id=20096, stack(0x000000af36900000,0x000000af36a00000) (1024K)]
  0x0000023f7111b810 JavaThread "pool-1-thread-1"                   [_thread_blocked, id=18396, stack(0x000000af36a00000,0x000000af36b00000) (1024K)]
  0x0000023f7151b000 JavaThread "Cleaner-0"                  daemon [_thread_blocked, id=21120, stack(0x000000af36d00000,0x000000af36e00000) (1024K)]
  0x0000023f7111aaf0 JavaThread "Java Debug Server"          daemon [_thread_in_native, id=58228, stack(0x000000af32200000,0x000000af32300000) (1024K)]
  0x0000023f711155a0 JavaThread "pool-5-thread-1"                   [_thread_in_native, id=52488, stack(0x000000af34300000,0x000000af34400000) (1024K)]
  0x0000023f71118390 JavaThread "RxSchedulerPurge-1"         daemon [_thread_blocked, id=24336, stack(0x000000af34b00000,0x000000af34c00000) (1024K)]
  0x0000023f711190b0 JavaThread "RxCachedWorkerPoolEvictor-1" daemon [_thread_blocked, id=10224, stack(0x000000af35200000,0x000000af35300000) (1024K)]
  0x0000023f744e7dc0 JavaThread "process reaper (pid 54692)" daemon [_thread_in_native, id=56224, stack(0x000000af31dd0000,0x000000af31df0000) (128K)]
  0x0000023f744e9800 JavaThread "ForkJoinPool.commonPool-worker-100" daemon [_thread_blocked, id=21028, stack(0x000000af33100000,0x000000af33200000) (1024K)]
  0x0000023f744e9e90 JavaThread "ForkJoinPool.commonPool-worker-102" daemon [_thread_blocked, id=35028, stack(0x000000af33200000,0x000000af33300000) (1024K)]
  0x0000023f744ebf60 JavaThread "ForkJoinPool.commonPool-worker-103" daemon [_thread_blocked, id=43300, stack(0x000000af34c00000,0x000000af34d00000) (1024K)]
  0x0000023f744e8450 JavaThread "ForkJoinPool.commonPool-worker-104" daemon [_thread_blocked, id=35908, stack(0x000000af34e00000,0x000000af34f00000) (1024K)]
  0x0000023f744e4fd0 JavaThread "ForkJoinPool.commonPool-worker-105" daemon [_thread_blocked, id=45708, stack(0x000000af34f00000,0x000000af35000000) (1024K)]
  0x0000023f744eb240 JavaThread "ForkJoinPool.commonPool-worker-106" daemon [_thread_blocked, id=39132, stack(0x000000af35000000,0x000000af35100000) (1024K)]
  0x0000023f744e6a10 JavaThread "ForkJoinPool.commonPool-worker-107" daemon [_thread_blocked, id=30160, stack(0x000000af35100000,0x000000af35200000) (1024K)]
  0x0000023f744e7730 JavaThread "ForkJoinPool.commonPool-worker-108" daemon [_thread_blocked, id=23872, stack(0x000000af36b00000,0x000000af36c00000) (1024K)]
  0x0000023f74212f90 JavaThread "ForkJoinPool.commonPool-worker-109" daemon [_thread_blocked, id=44368, stack(0x000000af36c00000,0x000000af36d00000) (1024K)]
  0x0000023f7420f480 JavaThread "ForkJoinPool.commonPool-worker-110" daemon [_thread_blocked, id=37148, stack(0x000000af36e00000,0x000000af36f00000) (1024K)]
  0x0000023f742149d0 JavaThread "ForkJoinPool.commonPool-worker-111" daemon [_thread_blocked, id=21168, stack(0x000000af36f00000,0x000000af37000000) (1024K)]
  0x0000023f7420e760 JavaThread "Worker-89"                         [_thread_blocked, id=37412, stack(0x000000af37000000,0x000000af37100000) (1024K)]
  0x0000023f7420edf0 JavaThread "Worker-90"                         [_thread_blocked, id=49272, stack(0x000000af37100000,0x000000af37200000) (1024K)]
  0x0000023f74210ec0 JavaThread "Compiler Source File Reader" daemon [_thread_blocked, id=9080, stack(0x000000af37200000,0x000000af37300000) (1024K)]
  0x0000023f74211550 JavaThread "ForkJoinPool.commonPool-worker-112" daemon [_thread_blocked, id=21636, stack(0x000000af33900000,0x000000af33a00000) (1024K)]
  0x0000023f74215060 JavaThread "ForkJoinPool.commonPool-worker-113" daemon [_thread_blocked, id=46372, stack(0x000000af37300000,0x000000af37400000) (1024K)]
  0x0000023f74212900 JavaThread "ForkJoinPool.commonPool-worker-114" daemon [_thread_blocked, id=27412, stack(0x000000af37400000,0x000000af37500000) (1024K)]
  0x0000023f74212270 JavaThread "ForkJoinPool.commonPool-worker-115" daemon [_thread_blocked, id=41020, stack(0x000000af37500000,0x000000af37600000) (1024K)]
  0x0000023f74213620 JavaThread "ForkJoinPool.commonPool-worker-116" daemon [_thread_blocked, id=2420, stack(0x000000af37600000,0x000000af37700000) (1024K)]
  0x0000023f742156f0 JavaThread "Compiler Source File Reader" daemon [_thread_blocked, id=49828, stack(0x000000af37900000,0x000000af37a00000) (1024K)]
  0x0000023f74f1ca80 JavaThread "Compiler Source File Reader" daemon [_thread_blocked, id=5644, stack(0x000000af37d00000,0x000000af37e00000) (1024K)]
  0x0000023f74f1eb50 JavaThread "Compiler Source File Reader" daemon [_thread_blocked, id=31008, stack(0x000000af37e00000,0x000000af37f00000) (1024K)]
  0x0000023f74f19c90 JavaThread "Compiler Source File Reader" daemon [_thread_blocked, id=43752, stack(0x000000af38000000,0x000000af38100000) (1024K)]
  0x0000023f74f20590 JavaThread "Compiler Source File Reader" daemon [_thread_blocked, id=60792, stack(0x000000af38100000,0x000000af38200000) (1024K)]
  0x0000023f74f1a320 JavaThread "Compiler Source File Reader" daemon [_thread_blocked, id=22516, stack(0x000000af38200000,0x000000af38300000) (1024K)]
  0x0000023f74f1c3f0 JavaThread "Compiler Source File Reader" daemon [_thread_blocked, id=49812, stack(0x000000af37f00000,0x000000af38000000) (1024K)]
  0x0000023f74f1a9b0 JavaThread "Worker-94"                         [_thread_blocked, id=34516, stack(0x000000af37700000,0x000000af37800000) (1024K)]
  0x0000023f74f1f870 JavaThread "Worker-95: Publish Diagnostics"        [_thread_blocked, id=3704, stack(0x000000af37a00000,0x000000af37b00000) (1024K)]
  0x0000023f74f1b6d0 JavaThread "Compiler Source File Reader" daemon [_thread_blocked, id=47352, stack(0x000000af37b00000,0x000000af37c00000) (1024K)]
  0x0000023f74f1bd60 JavaThread "Compiler Processing Task"   daemon [_thread_blocked, id=5496, stack(0x000000af37c00000,0x000000af37d00000) (1024K)]
  0x0000023f74f1d110 JavaThread "Worker-96"                         [_thread_blocked, id=32520, stack(0x000000af38300000,0x000000af38400000) (1024K)]
  0x0000023f6c4f7b70 JavaThread "Compiler Source File Reader" daemon [_thread_blocked, id=45208, stack(0x000000af38400000,0x000000af38500000) (1024K)]
  0x0000023f6c4fa960 JavaThread "Worker-97"                         [_thread_blocked, id=48036, stack(0x000000af38500000,0x000000af38600000) (1024K)]
  0x0000023f6c4f95b0 JavaThread "Compiler Source File Reader" daemon [_thread_blocked, id=61028, stack(0x000000af38600000,0x000000af38700000) (1024K)]
  0x0000023f6c4fa2d0 JavaThread "Compiler Source File Reader" daemon [_thread_blocked, id=34852, stack(0x000000af38700000,0x000000af38800000) (1024K)]
  0x0000023f6c4fdde0 JavaThread "Compiler Source File Reader" daemon [_thread_blocked, id=46384, stack(0x000000af38800000,0x000000af38900000) (1024K)]
  0x0000023f6c4fe470 JavaThread "Compiler Source File Reader" daemon [_thread_blocked, id=49552, stack(0x000000af38900000,0x000000af38a00000) (1024K)]
  0x0000023f6c4faff0 JavaThread "Compiler Source File Reader" daemon [_thread_blocked, id=1980, stack(0x000000af38a00000,0x000000af38b00000) (1024K)]
  0x0000023f6c4fbd10 JavaThread "ForkJoinPool.commonPool-worker-117" daemon [_thread_blocked, id=37652, stack(0x000000af38b00000,0x000000af38c00000) (1024K)]
  0x0000023f6c4f8200 JavaThread "ForkJoinPool.commonPool-worker-118" daemon [_thread_blocked, id=52500, stack(0x000000af38c00000,0x000000af38d00000) (1024K)]
  0x0000023f6c4f8890 JavaThread "ForkJoinPool.commonPool-worker-119" daemon [_thread_blocked, id=43748, stack(0x000000af38d00000,0x000000af38e00000) (1024K)]
  0x0000023f6c4fd0c0 JavaThread "Worker-98"                         [_thread_blocked, id=40188, stack(0x000000af38e00000,0x000000af38f00000) (1024K)]
  0x0000023f711162c0 JavaThread "RxNewThreadScheduler-25"    daemon [_thread_blocked, id=58376, stack(0x000000af32100000,0x000000af32200000) (1024K)]
  0x0000023f71117670 JavaThread "pool-1-thread-56"                  [_thread_blocked, id=54004, stack(0x000000af39000000,0x000000af39100000) (1024K)]
Total: 94

Other Threads:
  0x0000023f54bfeaf0 VMThread "VM Thread"                           [id=43656, stack(0x000000af32600000,0x000000af32700000) (1024K)]
  0x0000023f68e0ca00 WatcherThread "VM Periodic Task Thread"        [id=33172, stack(0x000000af32500000,0x000000af32600000) (1024K)]
  0x0000023f54b5e140 WorkerThread "GC Thread#0"                     [id=16788, stack(0x000000af32400000,0x000000af32500000) (1024K)]
  0x0000023f6c8b2100 WorkerThread "GC Thread#1"                     [id=3984, stack(0x000000af33300000,0x000000af33400000) (1024K)]
  0x0000023f6c9614f0 WorkerThread "GC Thread#2"                     [id=1944, stack(0x000000af33400000,0x000000af33500000) (1024K)]
  0x0000023f6c961890 WorkerThread "GC Thread#3"                     [id=16224, stack(0x000000af33500000,0x000000af33600000) (1024K)]
  0x0000023f6c961c30 WorkerThread "GC Thread#4"                     [id=32264, stack(0x000000af33600000,0x000000af33700000) (1024K)]
  0x0000023f6c961fd0 WorkerThread "GC Thread#5"                     [id=57084, stack(0x000000af33700000,0x000000af33800000) (1024K)]
  0x0000023f6c962370 WorkerThread "GC Thread#6"                     [id=56204, stack(0x000000af33800000,0x000000af33900000) (1024K)]
  0x0000023f710f19e0 WorkerThread "GC Thread#7"                     [id=31672, stack(0x000000af33c00000,0x000000af33d00000) (1024K)]
  0x0000023f7121b410 WorkerThread "GC Thread#8"                     [id=50000, stack(0x000000af34000000,0x000000af34100000) (1024K)]
  0x0000023f7121a930 WorkerThread "GC Thread#9"                     [id=37508, stack(0x000000af34100000,0x000000af34200000) (1024K)]
  0x0000023f7121a590 WorkerThread "GC Thread#10"                    [id=59972, stack(0x000000af34400000,0x000000af34500000) (1024K)]
  0x0000023f7121acd0 WorkerThread "GC Thread#11"                    [id=18520, stack(0x000000af34500000,0x000000af34600000) (1024K)]
  0x0000023f7121bb50 WorkerThread "GC Thread#12"                    [id=39360, stack(0x000000af34600000,0x000000af34700000) (1024K)]
  0x0000023f715329a0 WorkerThread "GC Thread#13"                    [id=36028, stack(0x000000af34800000,0x000000af34900000) (1024K)]
  0x0000023f71534a40 WorkerThread "GC Thread#14"                    [id=42464, stack(0x000000af34900000,0x000000af34a00000) (1024K)]
Total: 17

Threads with active compile tasks:
C2 CompilerThread0  11587403 44949   !   4       org.eclipse.jdt.internal.core.manipulation.JavaElementLabelComposerCore::appendMethodLabel (332 bytes)
Total: 1

VM state: at safepoint (normal execution)

VM Mutex/Monitor currently owned by a thread:  ([mutex/lock_event])
[0x00007ffd9bd8e380] Threads_lock - owner thread: 0x0000023f54bfeaf0
[0x00007ffd9bd8e480] Heap_lock - owner thread: 0x0000023f74f1f870

Heap address: 0x00000000c0000000, size: 1024 MB, Compressed Oops mode: 32-bit

CDS archive(s) mapped at: [0x0000023f00000000-0x0000023f00ba0000-0x0000023f00ba0000), size 12189696, SharedBaseAddress: 0x0000023f00000000, ArchiveRelocationMode: 1.
Compressed class space mapped at: 0x0000023f01000000-0x0000023f41000000, reserved size: 1073741824
Narrow klass base: 0x0000023f00000000, Narrow klass shift: 0, Narrow klass range: 0x100000000

GC Precious Log:
 CardTable entry size: 512
 CPUs: 20 total, 20 available
 Memory: 7880M
 Large Page Support: Disabled
 NUMA Support: Disabled
 Compressed Oops: Enabled (32-bit)
 Alignments: Space 512K, Generation 512K, Heap 2M
 Heap Min Capacity: 100M
 Heap Initial Capacity: 100M
 Heap Max Capacity: 1G
 Pre-touch: Disabled
 Parallel Workers: 15

Heap:
 PSYoungGen      total 10752K, used 10730K [0x00000000eab00000, 0x00000000eb900000, 0x0000000100000000)
  eden space 9728K, 100% used [0x00000000eab00000,0x00000000eb480000,0x00000000eb480000)
  from space 1024K, 97% used [0x00000000eb780000,0x00000000eb87a910,0x00000000eb880000)
  to   space 512K, 98% used [0x00000000eb880000,0x00000000eb8fe900,0x00000000eb900000)
 ParOldGen       total 454656K, used 454426K [0x00000000c0000000, 0x00000000dbc00000, 0x00000000eab00000)
  object space 454656K, 99% used [0x00000000c0000000,0x00000000dbbc6948,0x00000000dbc00000)
 Metaspace       used 104216K, committed 106048K, reserved 1179648K
  class space    used 9749K, committed 10624K, reserved 1048576K

Card table byte_map: [0x0000023f544e0000,0x0000023f546f0000] _byte_map_base: 0x0000023f53ee0000

Marking Bits: (ParMarkBitMap*) 0x00007ffd9bd93260
 Begin Bits: [0x0000023f66d30000, 0x0000023f67d30000)
 End Bits:   [0x0000023f67d30000, 0x0000023f68d30000)

Polling page: 0x0000023f528f0000

Metaspace:

Usage:
  Non-class:     92.25 MB used.
      Class:      9.52 MB used.
       Both:    101.77 MB used.

Virtual space:
  Non-class space:      128.00 MB reserved,      93.19 MB ( 73%) committed,  2 nodes.
      Class space:        1.00 GB reserved,      10.38 MB (  1%) committed,  1 nodes.
             Both:        1.12 GB reserved,     103.56 MB (  9%) committed. 

Chunk freelists:
   Non-Class:  2.47 MB
       Class:  5.58 MB
        Both:  8.05 MB

MaxMetaspaceSize: unlimited
CompressedClassSpaceSize: 1.00 GB
Initial GC threshold: 21.00 MB
Current GC threshold: 172.44 MB
CDS: on
 - commit_granule_bytes: 65536.
 - commit_granule_words: 8192.
 - virtual_space_node_default_size: 8388608.
 - enlarge_chunks_in_place: 1.
 - use_allocation_guard: 0.


Internal statistics:

num_allocs_failed_limit: 9.
num_arena_births: 2634.
num_arena_deaths: 782.
num_vsnodes_births: 3.
num_vsnodes_deaths: 0.
num_space_committed: 1657.
num_space_uncommitted: 0.
num_chunks_returned_to_freelist: 980.
num_chunks_taken_from_freelist: 8508.
num_chunk_merges: 263.
num_chunk_splits: 4652.
num_chunks_enlarged: 2283.
num_inconsistent_stats: 0.

CodeHeap 'non-profiled nmethods': size=119168Kb used=26204Kb max_used=28091Kb free=92963Kb
 bounds [0x0000023f5f8d0000, 0x0000023f61440000, 0x0000023f66d30000]
CodeHeap 'profiled nmethods': size=119104Kb used=31887Kb max_used=55105Kb free=87216Kb
 bounds [0x0000023f57d30000, 0x0000023f5b310000, 0x0000023f5f180000]
CodeHeap 'non-nmethods': size=7488Kb used=1558Kb max_used=3291Kb free=5930Kb
 bounds [0x0000023f5f180000, 0x0000023f5f4c0000, 0x0000023f5f8d0000]
 total_blobs=14884 nmethods=14007 adapters=777
 compilation: enabled
              stopped_count=0, restarted_count=0
 full_count=0

Compilation events (20 events):
Event: 11581.655 Thread 0x0000023f6a6914c0 nmethod 44939 0x0000023f57df6a10 code [0x0000023f57df6c40, 0x0000023f57df73f8]
Event: 11585.348 Thread 0x0000023f6a6914c0 44940       3       java.util.concurrent.ForkJoinPool::signalWork (199 bytes)
Event: 11585.350 Thread 0x0000023f6a673f90 44943       4       java.util.concurrent.ForkJoinPool$WorkQueue::casSlotToNull (20 bytes)
Event: 11585.352 Thread 0x0000023f6a673f90 nmethod 44943 0x0000023f5fd3d990 code [0x0000023f5fd3db00, 0x0000023f5fd3db80]
Event: 11585.352 Thread 0x0000023f6a673f90 44945       4       java.util.concurrent.ForkJoinPool$WorkQueue::tryPoll (104 bytes)
Event: 11585.354 Thread 0x0000023f6a673f90 nmethod 44945 0x0000023f60747610 code [0x0000023f607477a0, 0x0000023f607478e8]
Event: 11585.354 Thread 0x0000023f6a673f90 44944       4       java.util.concurrent.ForkJoinPool$WorkQueue::nextLocalTask (151 bytes)
Event: 11585.355 Thread 0x0000023f6a6914c0 nmethod 44940 0x0000023f58eecc10 code [0x0000023f58eece40, 0x0000023f58eed6a8]
Event: 11585.356 Thread 0x0000023f6a6914c0 44941       3       jdk.internal.misc.Unsafe::storeFence (5 bytes)
Event: 11585.356 Thread 0x0000023f6a673f90 nmethod 44944 0x0000023f601a6e90 code [0x0000023f601a7020, 0x0000023f601a7258]
Event: 11585.356 Thread 0x0000023f6a6914c0 nmethod 44941 0x0000023f58230790 code [0x0000023f58230920, 0x0000023f58230a40]
Event: 11585.356 Thread 0x0000023f6a6914c0 44942       3       jdk.internal.misc.Unsafe::storeStoreFence (5 bytes)
Event: 11585.356 Thread 0x0000023f6a6914c0 nmethod 44942 0x0000023f58239a10 code [0x0000023f58239ba0, 0x0000023f58239cc0]
Event: 11586.691 Thread 0x0000023f6a6914c0 44946       3       org.eclipse.jdt.internal.compiler.ClassFile::isLikelyLocalTypeName (49 bytes)
Event: 11586.694 Thread 0x0000023f6a6914c0 nmethod 44946 0x0000023f58aeb610 code [0x0000023f58aeb820, 0x0000023f58aebe18]
Event: 11586.746 Thread 0x0000023f6a6914c0 44947       3       org.eclipse.jdt.internal.codeassist.complete.CompletionParser::consumeAnnotationAsModifier (17 bytes)
Event: 11586.752 Thread 0x0000023f6a6914c0 nmethod 44947 0x0000023f5980ea10 code [0x0000023f5980ebc0, 0x0000023f5980eea0]
Event: 11586.808 Thread 0x0000023f6a6914c0 44948       3       org.eclipse.jdt.internal.codeassist.impl.Engine::isAnonymousClassSignature (8 bytes)
Event: 11586.808 Thread 0x0000023f6a6914c0 nmethod 44948 0x0000023f58249590 code [0x0000023f58249740, 0x0000023f58249868]
Event: 11586.996 Thread 0x0000023f6a673f90 44949   !   4       org.eclipse.jdt.internal.core.manipulation.JavaElementLabelComposerCore::appendMethodLabel (332 bytes)

GC Heap History (20 events):
Event: 11578.848 GC heap before
{Heap before GC invocations=12769 (full 54):
 PSYoungGen      total 12288K, used 10400K [0x00000000eab00000, 0x00000000eb900000, 0x0000000100000000)
  eden space 9728K, 100% used [0x00000000eab00000,0x00000000eb480000,0x00000000eb480000)
  from space 2560K, 26% used [0x00000000eb480000,0x00000000eb528000,0x00000000eb700000)
  to   space 1024K, 0% used [0x00000000eb800000,0x00000000eb800000,0x00000000eb900000)
 ParOldGen       total 442368K, used 442120K [0x00000000c0000000, 0x00000000db000000, 0x00000000eab00000)
  object space 442368K, 99% used [0x00000000c0000000,0x00000000dafc21f0,0x00000000db000000)
 Metaspace       used 104216K, committed 106048K, reserved 1179648K
  class space    used 9749K, committed 10624K, reserved 1048576K
}
Event: 11578.853 GC heap after
{Heap after GC invocations=12769 (full 54):
 PSYoungGen      total 10752K, used 1018K [0x00000000eab00000, 0x00000000eb980000, 0x0000000100000000)
  eden space 9728K, 0% used [0x00000000eab00000,0x00000000eab00000,0x00000000eb480000)
  from space 1024K, 99% used [0x00000000eb800000,0x00000000eb8fe900,0x00000000eb900000)
  to   space 2560K, 0% used [0x00000000eb480000,0x00000000eb480000,0x00000000eb700000)
 ParOldGen       total 443392K, used 443074K [0x00000000c0000000, 0x00000000db100000, 0x00000000eab00000)
  object space 443392K, 99% used [0x00000000c0000000,0x00000000db0b0858,0x00000000db100000)
 Metaspace       used 104216K, committed 106048K, reserved 1179648K
  class space    used 9749K, committed 10624K, reserved 1048576K
}
Event: 11578.980 GC heap before
{Heap before GC invocations=12770 (full 54):
 PSYoungGen      total 10752K, used 10746K [0x00000000eab00000, 0x00000000eb980000, 0x0000000100000000)
  eden space 9728K, 100% used [0x00000000eab00000,0x00000000eb480000,0x00000000eb480000)
  from space 1024K, 99% used [0x00000000eb800000,0x00000000eb8fe900,0x00000000eb900000)
  to   space 2560K, 0% used [0x00000000eb480000,0x00000000eb480000,0x00000000eb700000)
 ParOldGen       total 443392K, used 443074K [0x00000000c0000000, 0x00000000db100000, 0x00000000eab00000)
  object space 443392K, 99% used [0x00000000c0000000,0x00000000db0b0858,0x00000000db100000)
 Metaspace       used 104216K, committed 106048K, reserved 1179648K
  class space    used 9749K, committed 10624K, reserved 1048576K
}
Event: 11578.985 GC heap after
{Heap after GC invocations=12770 (full 54):
 PSYoungGen      total 11264K, used 1386K [0x00000000eab00000, 0x00000000eb880000, 0x0000000100000000)
  eden space 9728K, 0% used [0x00000000eab00000,0x00000000eab00000,0x00000000eb480000)
  from space 1536K, 90% used [0x00000000eb480000,0x00000000eb5da910,0x00000000eb600000)
  to   space 2048K, 0% used [0x00000000eb680000,0x00000000eb680000,0x00000000eb880000)
 ParOldGen       total 444416K, used 444026K [0x00000000c0000000, 0x00000000db200000, 0x00000000eab00000)
  object space 444416K, 99% used [0x00000000c0000000,0x00000000db19ea60,0x00000000db200000)
 Metaspace       used 104216K, committed 106048K, reserved 1179648K
  class space    used 9749K, committed 10624K, reserved 1048576K
}
Event: 11579.004 GC heap before
{Heap before GC invocations=12771 (full 54):
 PSYoungGen      total 11264K, used 11114K [0x00000000eab00000, 0x00000000eb880000, 0x0000000100000000)
  eden space 9728K, 100% used [0x00000000eab00000,0x00000000eb480000,0x00000000eb480000)
  from space 1536K, 90% used [0x00000000eb480000,0x00000000eb5da910,0x00000000eb600000)
  to   space 2048K, 0% used [0x00000000eb680000,0x00000000eb680000,0x00000000eb880000)
 ParOldGen       total 444416K, used 444026K [0x00000000c0000000, 0x00000000db200000, 0x00000000eab00000)
  object space 444416K, 99% used [0x00000000c0000000,0x00000000db19ea60,0x00000000db200000)
 Metaspace       used 104216K, committed 106048K, reserved 1179648K
  class space    used 9749K, committed 10624K, reserved 1048576K
}
Event: 11579.008 GC heap after
{Heap after GC invocations=12771 (full 54):
 PSYoungGen      total 11264K, used 1492K [0x00000000eab00000, 0x00000000eb800000, 0x0000000100000000)
  eden space 9728K, 0% used [0x00000000eab00000,0x00000000eab00000,0x00000000eb480000)
  from space 1536K, 97% used [0x00000000eb680000,0x00000000eb7f5200,0x00000000eb800000)
  to   space 1536K, 0% used [0x00000000eb480000,0x00000000eb480000,0x00000000eb600000)
 ParOldGen       total 445440K, used 445183K [0x00000000c0000000, 0x00000000db300000, 0x00000000eab00000)
  object space 445440K, 99% used [0x00000000c0000000,0x00000000db2bffb0,0x00000000db300000)
 Metaspace       used 104216K, committed 106048K, reserved 1179648K
  class space    used 9749K, committed 10624K, reserved 1048576K
}
Event: 11583.677 GC heap before
{Heap before GC invocations=12772 (full 54):
 PSYoungGen      total 11264K, used 11220K [0x00000000eab00000, 0x00000000eb800000, 0x0000000100000000)
  eden space 9728K, 100% used [0x00000000eab00000,0x00000000eb480000,0x00000000eb480000)
  from space 1536K, 97% used [0x00000000eb680000,0x00000000eb7f5200,0x00000000eb800000)
  to   space 1536K, 0% used [0x00000000eb480000,0x00000000eb480000,0x00000000eb600000)
 ParOldGen       total 445440K, used 445183K [0x00000000c0000000, 0x00000000db300000, 0x00000000eab00000)
  object space 445440K, 99% used [0x00000000c0000000,0x00000000db2bffb0,0x00000000db300000)
 Metaspace       used 104216K, committed 106048K, reserved 1179648K
  class space    used 9749K, committed 10624K, reserved 1048576K
}
Event: 11583.681 GC heap after
{Heap after GC invocations=12772 (full 54):
 PSYoungGen      total 11264K, used 704K [0x00000000eab00000, 0x00000000eb700000, 0x0000000100000000)
  eden space 9728K, 0% used [0x00000000eab00000,0x00000000eab00000,0x00000000eb480000)
  from space 1536K, 45% used [0x00000000eb480000,0x00000000eb530000,0x00000000eb600000)
  to   space 1024K, 0% used [0x00000000eb600000,0x00000000eb600000,0x00000000eb700000)
 ParOldGen       total 446464K, used 446380K [0x00000000c0000000, 0x00000000db400000, 0x00000000eab00000)
  object space 446464K, 99% used [0x00000000c0000000,0x00000000db3eb248,0x00000000db400000)
 Metaspace       used 104216K, committed 106048K, reserved 1179648K
  class space    used 9749K, committed 10624K, reserved 1048576K
}
Event: 11585.315 GC heap before
{Heap before GC invocations=12773 (full 54):
 PSYoungGen      total 11264K, used 10432K [0x00000000eab00000, 0x00000000eb700000, 0x0000000100000000)
  eden space 9728K, 100% used [0x00000000eab00000,0x00000000eb480000,0x00000000eb480000)
  from space 1536K, 45% used [0x00000000eb480000,0x00000000eb530000,0x00000000eb600000)
  to   space 1024K, 0% used [0x00000000eb600000,0x00000000eb600000,0x00000000eb700000)
 ParOldGen       total 446464K, used 446380K [0x00000000c0000000, 0x00000000db400000, 0x00000000eab00000)
  object space 446464K, 99% used [0x00000000c0000000,0x00000000db3eb248,0x00000000db400000)
 Metaspace       used 104216K, committed 106048K, reserved 1179648K
  class space    used 9749K, committed 10624K, reserved 1048576K
}
Event: 11585.319 GC heap after
{Heap after GC invocations=12773 (full 54):
 PSYoungGen      total 10752K, used 826K [0x00000000eab00000, 0x00000000eb700000, 0x0000000100000000)
  eden space 9728K, 0% used [0x00000000eab00000,0x00000000eab00000,0x00000000eb480000)
  from space 1024K, 80% used [0x00000000eb600000,0x00000000eb6ce900,0x00000000eb700000)
  to   space 1024K, 0% used [0x00000000eb500000,0x00000000eb500000,0x00000000eb600000)
 ParOldGen       total 446976K, used 446898K [0x00000000c0000000, 0x00000000db480000, 0x00000000eab00000)
  object space 446976K, 99% used [0x00000000c0000000,0x00000000db46ca28,0x00000000db480000)
 Metaspace       used 104216K, committed 106048K, reserved 1179648K
  class space    used 9749K, committed 10624K, reserved 1048576K
}
Event: 11585.365 GC heap before
{Heap before GC invocations=12774 (full 54):
 PSYoungGen      total 10752K, used 10554K [0x00000000eab00000, 0x00000000eb700000, 0x0000000100000000)
  eden space 9728K, 100% used [0x00000000eab00000,0x00000000eb480000,0x00000000eb480000)
  from space 1024K, 80% used [0x00000000eb600000,0x00000000eb6ce900,0x00000000eb700000)
  to   space 1024K, 0% used [0x00000000eb500000,0x00000000eb500000,0x00000000eb600000)
 ParOldGen       total 446976K, used 446898K [0x00000000c0000000, 0x00000000db480000, 0x00000000eab00000)
  object space 446976K, 99% used [0x00000000c0000000,0x00000000db46ca28,0x00000000db480000)
 Metaspace       used 104216K, committed 106048K, reserved 1179648K
  class space    used 9749K, committed 10624K, reserved 1048576K
}
Event: 11585.369 GC heap after
{Heap after GC invocations=12774 (full 54):
 PSYoungGen      total 10752K, used 1003K [0x00000000eab00000, 0x00000000ebe80000, 0x0000000100000000)
  eden space 9728K, 0% used [0x00000000eab00000,0x00000000eab00000,0x00000000eb480000)
  from space 1024K, 98% used [0x00000000eb500000,0x00000000eb5faea0,0x00000000eb600000)
  to   space 5120K, 0% used [0x00000000eb980000,0x00000000eb980000,0x00000000ebe80000)
 ParOldGen       total 450560K, used 450197K [0x00000000c0000000, 0x00000000db800000, 0x00000000eab00000)
  object space 450560K, 99% used [0x00000000c0000000,0x00000000db7a5500,0x00000000db800000)
 Metaspace       used 104216K, committed 106048K, reserved 1179648K
  class space    used 9749K, committed 10624K, reserved 1048576K
}
Event: 11586.682 GC heap before
{Heap before GC invocations=12775 (full 54):
 PSYoungGen      total 10752K, used 10731K [0x00000000eab00000, 0x00000000ebe80000, 0x0000000100000000)
  eden space 9728K, 100% used [0x00000000eab00000,0x00000000eb480000,0x00000000eb480000)
  from space 1024K, 98% used [0x00000000eb500000,0x00000000eb5faea0,0x00000000eb600000)
  to   space 5120K, 0% used [0x00000000eb980000,0x00000000eb980000,0x00000000ebe80000)
 ParOldGen       total 450560K, used 450197K [0x00000000c0000000, 0x00000000db800000, 0x00000000eab00000)
  object space 450560K, 99% used [0x00000000c0000000,0x00000000db7a5500,0x00000000db800000)
 Metaspace       used 104216K, committed 106048K, reserved 1179648K
  class space    used 9749K, committed 10624K, reserved 1048576K
}
Event: 11586.688 GC heap after
{Heap after GC invocations=12775 (full 54):
 PSYoungGen      total 11264K, used 1210K [0x00000000eab00000, 0x00000000ebb00000, 0x0000000100000000)
  eden space 9728K, 0% used [0x00000000eab00000,0x00000000eab00000,0x00000000eb480000)
  from space 1536K, 78% used [0x00000000eb980000,0x00000000ebaae900,0x00000000ebb00000)
  to   space 2560K, 0% used [0x00000000eb600000,0x00000000eb600000,0x00000000eb880000)
 ParOldGen       total 450560K, used 450439K [0x00000000c0000000, 0x00000000db800000, 0x00000000eab00000)
  object space 450560K, 99% used [0x00000000c0000000,0x00000000db7e1dc8,0x00000000db800000)
 Metaspace       used 104216K, committed 106048K, reserved 1179648K
  class space    used 9749K, committed 10624K, reserved 1048576K
}
Event: 11586.812 GC heap before
{Heap before GC invocations=12776 (full 54):
 PSYoungGen      total 11264K, used 10938K [0x00000000eab00000, 0x00000000ebb00000, 0x0000000100000000)
  eden space 9728K, 100% used [0x00000000eab00000,0x00000000eb480000,0x00000000eb480000)
  from space 1536K, 78% used [0x00000000eb980000,0x00000000ebaae900,0x00000000ebb00000)
  to   space 2560K, 0% used [0x00000000eb600000,0x00000000eb600000,0x00000000eb880000)
 ParOldGen       total 450560K, used 450439K [0x00000000c0000000, 0x00000000db800000, 0x00000000eab00000)
  object space 450560K, 99% used [0x00000000c0000000,0x00000000db7e1dc8,0x00000000db800000)
 Metaspace       used 104216K, committed 106048K, reserved 1179648K
  class space    used 9749K, committed 10624K, reserved 1048576K
}
Event: 11586.816 GC heap after
{Heap after GC invocations=12776 (full 54):
 PSYoungGen      total 12288K, used 1204K [0x00000000eab00000, 0x00000000eba00000, 0x0000000100000000)
  eden space 9728K, 0% used [0x00000000eab00000,0x00000000eab00000,0x00000000eb480000)
  from space 2560K, 47% used [0x00000000eb600000,0x00000000eb72d200,0x00000000eb880000)
  to   space 1536K, 0% used [0x00000000eb880000,0x00000000eb880000,0x00000000eba00000)
 ParOldGen       total 451584K, used 451396K [0x00000000c0000000, 0x00000000db900000, 0x00000000eab00000)
  object space 451584K, 99% used [0x00000000c0000000,0x00000000db8d13a0,0x00000000db900000)
 Metaspace       used 104216K, committed 106048K, reserved 1179648K
  class space    used 9749K, committed 10624K, reserved 1048576K
}
Event: 11586.828 GC heap before
{Heap before GC invocations=12777 (full 54):
 PSYoungGen      total 12288K, used 10932K [0x00000000eab00000, 0x00000000eba00000, 0x0000000100000000)
  eden space 9728K, 100% used [0x00000000eab00000,0x00000000eb480000,0x00000000eb480000)
  from space 2560K, 47% used [0x00000000eb600000,0x00000000eb72d200,0x00000000eb880000)
  to   space 1536K, 0% used [0x00000000eb880000,0x00000000eb880000,0x00000000eba00000)
 ParOldGen       total 451584K, used 451396K [0x00000000c0000000, 0x00000000db900000, 0x00000000eab00000)
  object space 451584K, 99% used [0x00000000c0000000,0x00000000db8d13a0,0x00000000db900000)
 Metaspace       used 104216K, committed 106048K, reserved 1179648K
  class space    used 9749K, committed 10624K, reserved 1048576K
}
Event: 11586.830 GC heap after
{Heap after GC invocations=12777 (full 54):
 PSYoungGen      total 10752K, used 608K [0x00000000eab00000, 0x00000000eb980000, 0x0000000100000000)
  eden space 9728K, 0% used [0x00000000eab00000,0x00000000eab00000,0x00000000eb480000)
  from space 1024K, 59% used [0x00000000eb880000,0x00000000eb918000,0x00000000eb980000)
  to   space 1024K, 0% used [0x00000000eb780000,0x00000000eb780000,0x00000000eb880000)
 ParOldGen       total 452608K, used 452415K [0x00000000c0000000, 0x00000000dba00000, 0x00000000eab00000)
  object space 452608K, 99% used [0x00000000c0000000,0x00000000db9cff00,0x00000000dba00000)
 Metaspace       used 104216K, committed 106048K, reserved 1179648K
  class space    used 9749K, committed 10624K, reserved 1048576K
}
Event: 11586.895 GC heap before
{Heap before GC invocations=12778 (full 54):
 PSYoungGen      total 10752K, used 10336K [0x00000000eab00000, 0x00000000eb980000, 0x0000000100000000)
  eden space 9728K, 100% used [0x00000000eab00000,0x00000000eb480000,0x00000000eb480000)
  from space 1024K, 59% used [0x00000000eb880000,0x00000000eb918000,0x00000000eb980000)
  to   space 1024K, 0% used [0x00000000eb780000,0x00000000eb780000,0x00000000eb880000)
 ParOldGen       total 452608K, used 452415K [0x00000000c0000000, 0x00000000dba00000, 0x00000000eab00000)
  object space 452608K, 99% used [0x00000000c0000000,0x00000000db9cff00,0x00000000dba00000)
 Metaspace       used 104216K, committed 106048K, reserved 1179648K
  class space    used 9749K, committed 10624K, reserved 1048576K
}
Event: 11586.897 GC heap after
{Heap after GC invocations=12778 (full 54):
 PSYoungGen      total 10752K, used 1002K [0x00000000eab00000, 0x00000000eb900000, 0x0000000100000000)
  eden space 9728K, 0% used [0x00000000eab00000,0x00000000eab00000,0x00000000eb480000)
  from space 1024K, 97% used [0x00000000eb780000,0x00000000eb87a910,0x00000000eb880000)
  to   space 512K, 0% used [0x00000000eb880000,0x00000000eb880000,0x00000000eb900000)
 ParOldGen       total 453120K, used 452791K [0x00000000c0000000, 0x00000000dba80000, 0x00000000eab00000)
  object space 453120K, 99% used [0x00000000c0000000,0x00000000dba2df28,0x00000000dba80000)
 Metaspace       used 104216K, committed 106048K, reserved 1179648K
  class space    used 9749K, committed 10624K, reserved 1048576K
}

Dll operation events (12 events):
Event: 0.031 Loaded shared library c:\Users\Jake\.vscode\extensions\redhat.java-1.40.0-win32-x64\jre\21.0.6-win32-x86_64\bin\java.dll
Event: 0.201 Loaded shared library c:\Users\Jake\.vscode\extensions\redhat.java-1.40.0-win32-x64\jre\21.0.6-win32-x86_64\bin\zip.dll
Event: 0.244 Loaded shared library C:\Users\Jake\.vscode\extensions\redhat.java-1.40.0-win32-x64\jre\21.0.6-win32-x86_64\bin\instrument.dll
Event: 0.259 Loaded shared library C:\Users\Jake\.vscode\extensions\redhat.java-1.40.0-win32-x64\jre\21.0.6-win32-x86_64\bin\net.dll
Event: 0.265 Loaded shared library C:\Users\Jake\.vscode\extensions\redhat.java-1.40.0-win32-x64\jre\21.0.6-win32-x86_64\bin\nio.dll
Event: 0.280 Loaded shared library C:\Users\Jake\.vscode\extensions\redhat.java-1.40.0-win32-x64\jre\21.0.6-win32-x86_64\bin\zip.dll
Event: 0.351 Loaded shared library C:\Users\Jake\.vscode\extensions\redhat.java-1.40.0-win32-x64\jre\21.0.6-win32-x86_64\bin\jimage.dll
Event: 0.611 Loaded shared library c:\Users\Jake\.vscode\extensions\redhat.java-1.40.0-win32-x64\jre\21.0.6-win32-x86_64\bin\verify.dll
Event: 2.634 Loaded shared library C:\Users\Jake\AppData\Roaming\Code\User\globalStorage\redhat.java\1.40.0\config_win\org.eclipse.equinox.launcher\org.eclipse.equinox.launcher.win32.win32.x86_64_1.2.1200.v20250212-0927\eclipse_11909.dll
Event: 4.178 Loaded shared library C:\Users\Jake\AppData\Local\Temp\jna-2301169\jna8841329943883302581.dll
Event: 282.181 Loaded shared library C:\Users\Jake\.vscode\extensions\redhat.java-1.40.0-win32-x64\jre\21.0.6-win32-x86_64\bin\sunmscapi.dll
Event: 282.637 Loaded shared library C:\Users\Jake\.vscode\extensions\redhat.java-1.40.0-win32-x64\jre\21.0.6-win32-x86_64\bin\extnet.dll

Deoptimization events (20 events):
Event: 11535.361 Thread 0x0000023f74f1f870 DEOPT PACKING pc=0x0000023f59577951 sp=0x000000af37afd290
Event: 11535.361 Thread 0x0000023f74f1f870 DEOPT UNPACKING pc=0x0000023f5f1d4242 sp=0x000000af37afc800 mode 0
Event: 11538.608 Thread 0x0000023f7111b810 Uncommon trap: trap_request=0xffffff5c fr.pc=0x0000023f613f93ec relative=0x0000000000000c8c
Event: 11538.608 Thread 0x0000023f7111b810 Uncommon trap: reason=speculate_null_check action=make_not_entrant pc=0x0000023f613f93ec method=org.eclipse.core.internal.content.ContentTypeHandler.getBaseType()Lorg/eclipse/core/runtime/content/IContentType; @ 20 c2
Event: 11538.608 Thread 0x0000023f7111b810 DEOPT PACKING pc=0x0000023f613f93ec sp=0x000000af36afd580
Event: 11538.608 Thread 0x0000023f7111b810 DEOPT UNPACKING pc=0x0000023f5f1d3aa2 sp=0x000000af36afd4d0 mode 2
Event: 11538.609 Thread 0x0000023f7111b810 Uncommon trap: trap_request=0xffffff5c fr.pc=0x0000023f60576504 relative=0x00000000000004a4
Event: 11538.609 Thread 0x0000023f7111b810 Uncommon trap: reason=speculate_null_check action=make_not_entrant pc=0x0000023f60576504 method=org.eclipse.core.internal.content.ContentTypeHandler.getBaseType()Lorg/eclipse/core/runtime/content/IContentType; @ 20 c2
Event: 11538.609 Thread 0x0000023f7111b810 DEOPT PACKING pc=0x0000023f60576504 sp=0x000000af36afd510
Event: 11538.609 Thread 0x0000023f7111b810 DEOPT UNPACKING pc=0x0000023f5f1d3aa2 sp=0x000000af36afd4e0 mode 2
Event: 11546.623 Thread 0x0000023f74f1bd60 Uncommon trap: trap_request=0xffffffde fr.pc=0x0000023f60075c9c relative=0x00000000000003bc
Event: 11546.623 Thread 0x0000023f74f1bd60 Uncommon trap: reason=class_check action=maybe_recompile pc=0x0000023f60075c9c method=org.eclipse.jdt.internal.compiler.lookup.BlockScope.checkUnclosedCloseables(Lorg/eclipse/jdt/internal/compiler/flow/FlowInfo;Lorg/eclipse/jdt/internal/compiler/flow/Flow
Event: 11546.623 Thread 0x0000023f74f1bd60 DEOPT PACKING pc=0x0000023f60075c9c sp=0x000000af37cfdba0
Event: 11546.623 Thread 0x0000023f74f1bd60 DEOPT UNPACKING pc=0x0000023f5f1d3aa2 sp=0x000000af37cfdb08 mode 2
Event: 11550.747 Thread 0x0000023f744e9800 Uncommon trap: trap_request=0xffffff45 fr.pc=0x0000023f601b220c relative=0x00000000000007cc
Event: 11550.747 Thread 0x0000023f744e9800 Uncommon trap: reason=unstable_if action=reinterpret pc=0x0000023f601b220c method=java.util.concurrent.ForkJoinPool$WorkQueue.topLevelExec(Ljava/util/concurrent/ForkJoinTask;Ljava/util/concurrent/ForkJoinPool$WorkQueue;)V @ 31 c2
Event: 11550.747 Thread 0x0000023f744e9800 DEOPT PACKING pc=0x0000023f601b220c sp=0x000000af331ff130
Event: 11550.747 Thread 0x0000023f744e9800 DEOPT UNPACKING pc=0x0000023f5f1d3aa2 sp=0x000000af331ff008 mode 2
Event: 11586.690 Thread 0x0000023f744e9800 DEOPT PACKING pc=0x0000023f5835e94e sp=0x000000af331fd890
Event: 11586.691 Thread 0x0000023f744e9800 DEOPT UNPACKING pc=0x0000023f5f1d4242 sp=0x000000af331fccf8 mode 0

Classes loaded (20 events):
Event: 11503.289 Loading class jdk/internal/module/IllegalAccessLogger
Event: 11503.289 Loading class jdk/internal/module/IllegalAccessLogger done
Event: 11512.211 Loading class jdk/internal/module/IllegalAccessLogger
Event: 11512.211 Loading class jdk/internal/module/IllegalAccessLogger done
Event: 11514.113 Loading class jdk/internal/module/IllegalAccessLogger
Event: 11514.113 Loading class jdk/internal/module/IllegalAccessLogger done
Event: 11515.222 Loading class jdk/internal/module/IllegalAccessLogger
Event: 11515.222 Loading class jdk/internal/module/IllegalAccessLogger done
Event: 11519.175 Loading class jdk/internal/module/IllegalAccessLogger
Event: 11519.175 Loading class jdk/internal/module/IllegalAccessLogger done
Event: 11535.114 Loading class jdk/internal/module/IllegalAccessLogger
Event: 11535.114 Loading class jdk/internal/module/IllegalAccessLogger done
Event: 11537.978 Loading class jdk/internal/module/IllegalAccessLogger
Event: 11537.978 Loading class jdk/internal/module/IllegalAccessLogger done
Event: 11539.557 Loading class jdk/internal/module/IllegalAccessLogger
Event: 11539.557 Loading class jdk/internal/module/IllegalAccessLogger done
Event: 11546.481 Loading class jdk/internal/module/IllegalAccessLogger
Event: 11546.481 Loading class jdk/internal/module/IllegalAccessLogger done
Event: 11550.628 Loading class jdk/internal/module/IllegalAccessLogger
Event: 11550.628 Loading class jdk/internal/module/IllegalAccessLogger done

Classes unloaded (20 events):
Event: 11257.841 Thread 0x0000023f54bfeaf0 Unloading class 0x0000023f0128d400 'jdk/internal/reflect/GeneratedSerializationConstructorAccessor13'
Event: 11257.841 Thread 0x0000023f54bfeaf0 Unloading class 0x0000023f0128d000 'jdk/internal/reflect/GeneratedSerializationConstructorAccessor12'
Event: 11257.841 Thread 0x0000023f54bfeaf0 Unloading class 0x0000023f0128b400 'java/lang/invoke/LambdaForm$MH+0x0000023f0128b400'
Event: 11257.841 Thread 0x0000023f54bfeaf0 Unloading class 0x0000023f0128a000 'java/lang/invoke/LambdaForm$MH+0x0000023f0128a000'
Event: 11257.841 Thread 0x0000023f54bfeaf0 Unloading class 0x0000023f01289c00 'java/lang/invoke/LambdaForm$MH+0x0000023f01289c00'
Event: 11257.841 Thread 0x0000023f54bfeaf0 Unloading class 0x0000023f01289800 'jdk/internal/reflect/GeneratedSerializationConstructorAccessor11'
Event: 11257.841 Thread 0x0000023f54bfeaf0 Unloading class 0x0000023f01289400 'java/lang/invoke/LambdaForm$MH+0x0000023f01289400'
Event: 11257.841 Thread 0x0000023f54bfeaf0 Unloading class 0x0000023f01289000 'jdk/internal/reflect/GeneratedSerializationConstructorAccessor10'
Event: 11257.841 Thread 0x0000023f54bfeaf0 Unloading class 0x0000023f01288c00 'jdk/internal/reflect/GeneratedSerializationConstructorAccessor9'
Event: 11257.841 Thread 0x0000023f54bfeaf0 Unloading class 0x0000023f01282400 'java/lang/invoke/LambdaForm$MH+0x0000023f01282400'
Event: 11257.841 Thread 0x0000023f54bfeaf0 Unloading class 0x0000023f01281c00 'java/lang/invoke/LambdaForm$MH+0x0000023f01281c00'
Event: 11257.841 Thread 0x0000023f54bfeaf0 Unloading class 0x0000023f0123e400 'jdk/internal/reflect/GeneratedSerializationConstructorAccessor8'
Event: 11257.841 Thread 0x0000023f54bfeaf0 Unloading class 0x0000023f0123e000 'jdk/internal/reflect/GeneratedSerializationConstructorAccessor7'
Event: 11257.842 Thread 0x0000023f54bfeaf0 Unloading class 0x0000023f0123dc00 'jdk/internal/reflect/GeneratedSerializationConstructorAccessor6'
Event: 11257.842 Thread 0x0000023f54bfeaf0 Unloading class 0x0000023f0123d800 'jdk/internal/reflect/GeneratedSerializationConstructorAccessor5'
Event: 11257.842 Thread 0x0000023f54bfeaf0 Unloading class 0x0000023f0123d400 'jdk/internal/reflect/GeneratedSerializationConstructorAccessor4'
Event: 11257.842 Thread 0x0000023f54bfeaf0 Unloading class 0x0000023f0123d000 'jdk/internal/reflect/GeneratedSerializationConstructorAccessor3'
Event: 11257.842 Thread 0x0000023f54bfeaf0 Unloading class 0x0000023f0123cc00 'jdk/internal/reflect/GeneratedSerializationConstructorAccessor2'
Event: 11257.842 Thread 0x0000023f54bfeaf0 Unloading class 0x0000023f0123c800 'jdk/internal/reflect/GeneratedSerializationConstructorAccessor1'
Event: 11257.842 Thread 0x0000023f54bfeaf0 Unloading class 0x0000023f01168400 'java/lang/invoke/LambdaForm$MH+0x0000023f01168400'

Classes redefined (0 events):
No events

Internal exceptions (20 events):
Event: 11503.378 Thread 0x0000023f7151b690 Exception <a 'sun/nio/fs/WindowsException'{0x00000000eab33398}> (0x00000000eab33398) 
thrown [s\src\hotspot\share\prims\jni.cpp, line 520]
Event: 11512.101 Thread 0x0000023f7151b690 Exception <a 'sun/nio/fs/WindowsException'{0x00000000eacab620}> (0x00000000eacab620) 
thrown [s\src\hotspot\share\prims\jni.cpp, line 520]
Event: 11512.291 Thread 0x0000023f7151b690 Exception <a 'sun/nio/fs/WindowsException'{0x00000000eabd7ad0}> (0x00000000eabd7ad0) 
thrown [s\src\hotspot\share\prims\jni.cpp, line 520]
Event: 11513.986 Thread 0x0000023f7151b690 Exception <a 'sun/nio/fs/WindowsException'{0x00000000eae36838}> (0x00000000eae36838) 
thrown [s\src\hotspot\share\prims\jni.cpp, line 520]
Event: 11514.131 Thread 0x0000023f7151b690 Exception <a 'sun/nio/fs/WindowsException'{0x00000000eaceb360}> (0x00000000eaceb360) 
thrown [s\src\hotspot\share\prims\jni.cpp, line 520]
Event: 11519.060 Thread 0x0000023f7151b690 Exception <a 'sun/nio/fs/WindowsException'{0x00000000eb235b38}> (0x00000000eb235b38) 
thrown [s\src\hotspot\share\prims\jni.cpp, line 520]
Event: 11519.189 Thread 0x0000023f7151b690 Exception <a 'sun/nio/fs/WindowsException'{0x00000000eac26350}> (0x00000000eac26350) 
thrown [s\src\hotspot\share\prims\jni.cpp, line 520]
Event: 11535.000 Thread 0x0000023f7151b690 Exception <a 'sun/nio/fs/WindowsException'{0x00000000eabd20e0}> (0x00000000eabd20e0) 
thrown [s\src\hotspot\share\prims\jni.cpp, line 520]
Event: 11535.172 Thread 0x0000023f7151b690 Exception <a 'sun/nio/fs/WindowsException'{0x00000000eab51598}> (0x00000000eab51598) 
thrown [s\src\hotspot\share\prims\jni.cpp, line 520]
Event: 11535.301 Thread 0x0000023f74f1bd60 Implicit null exception at 0x0000023f5fd0054c to 0x0000023f5fd006a0
Event: 11537.830 Thread 0x0000023f7151b690 Exception <a 'sun/nio/fs/WindowsException'{0x00000000eabe67a8}> (0x00000000eabe67a8) 
thrown [s\src\hotspot\share\prims\jni.cpp, line 520]
Event: 11537.953 Thread 0x0000023f7151b690 Exception <a 'sun/nio/fs/WindowsException'{0x00000000eab12c50}> (0x00000000eab12c50) 
thrown [s\src\hotspot\share\prims\jni.cpp, line 520]
Event: 11538.608 Thread 0x0000023f7111b810 Implicit null exception at 0x0000023f613f898b to 0x0000023f613f93c8
Event: 11538.609 Thread 0x0000023f7111b810 Implicit null exception at 0x0000023f60576227 to 0x0000023f605764f8
Event: 11546.364 Thread 0x0000023f7151b690 Exception <a 'sun/nio/fs/WindowsException'{0x00000000ead5dc38}> (0x00000000ead5dc38) 
thrown [s\src\hotspot\share\prims\jni.cpp, line 520]
Event: 11546.501 Thread 0x0000023f7151b690 Exception <a 'sun/nio/fs/WindowsException'{0x00000000eab06900}> (0x00000000eab06900) 
thrown [s\src\hotspot\share\prims\jni.cpp, line 520]
Event: 11550.514 Thread 0x0000023f7151b690 Exception <a 'sun/nio/fs/WindowsException'{0x00000000eacc4af0}> (0x00000000eacc4af0) 
thrown [s\src\hotspot\share\prims\jni.cpp, line 520]
Event: 11550.667 Thread 0x0000023f7151b690 Exception <a 'sun/nio/fs/WindowsException'{0x00000000eabaf1b0}> (0x00000000eabaf1b0) 
thrown [s\src\hotspot\share\prims\jni.cpp, line 520]
Event: 11551.031 Thread 0x0000023f711162c0 Exception <a 'sun/nio/fs/WindowsException'{0x00000000eafef4c8}> (0x00000000eafef4c8) 
thrown [s\src\hotspot\share\prims\jni.cpp, line 520]
Event: 11551.031 Thread 0x0000023f711162c0 Exception <a 'sun/nio/fs/WindowsException'{0x00000000eafefb38}> (0x00000000eafefb38) 
thrown [s\src\hotspot\share\prims\jni.cpp, line 520]

ZGC Phase Switch (0 events):
No events

VM Operations (20 events):
Event: 11578.848 Executing VM operation: ParallelGCFailedAllocation (Allocation Failure)
Event: 11578.853 Executing VM operation: ParallelGCFailedAllocation (Allocation Failure) done
Event: 11578.980 Executing VM operation: ParallelGCFailedAllocation (Allocation Failure)
Event: 11578.985 Executing VM operation: ParallelGCFailedAllocation (Allocation Failure) done
Event: 11579.004 Executing VM operation: ParallelGCFailedAllocation (Allocation Failure)
Event: 11579.008 Executing VM operation: ParallelGCFailedAllocation (Allocation Failure) done
Event: 11583.677 Executing VM operation: ParallelGCFailedAllocation (Allocation Failure)
Event: 11583.681 Executing VM operation: ParallelGCFailedAllocation (Allocation Failure) done
Event: 11585.315 Executing VM operation: ParallelGCFailedAllocation (Allocation Failure)
Event: 11585.319 Executing VM operation: ParallelGCFailedAllocation (Allocation Failure) done
Event: 11585.365 Executing VM operation: ParallelGCFailedAllocation (Allocation Failure)
Event: 11585.369 Executing VM operation: ParallelGCFailedAllocation (Allocation Failure) done
Event: 11586.682 Executing VM operation: ParallelGCFailedAllocation (Allocation Failure)
Event: 11586.688 Executing VM operation: ParallelGCFailedAllocation (Allocation Failure) done
Event: 11586.812 Executing VM operation: ParallelGCFailedAllocation (Allocation Failure)
Event: 11586.816 Executing VM operation: ParallelGCFailedAllocation (Allocation Failure) done
Event: 11586.828 Executing VM operation: ParallelGCFailedAllocation (Allocation Failure)
Event: 11586.830 Executing VM operation: ParallelGCFailedAllocation (Allocation Failure) done
Event: 11586.895 Executing VM operation: ParallelGCFailedAllocation (Allocation Failure)
Event: 11586.897 Executing VM operation: ParallelGCFailedAllocation (Allocation Failure) done

Memory protections (0 events):
No events

Nmethod flushes (20 events):
Event: 11538.350 Thread 0x0000023f54bfeaf0 flushing  nmethod 0x0000023f5ac08d90
Event: 11538.350 Thread 0x0000023f54bfeaf0 flushing  nmethod 0x0000023f5ac14290
Event: 11538.350 Thread 0x0000023f54bfeaf0 flushing  nmethod 0x0000023f5ac16b10
Event: 11538.350 Thread 0x0000023f54bfeaf0 flushing  nmethod 0x0000023f5ac17410
Event: 11538.350 Thread 0x0000023f54bfeaf0 flushing  nmethod 0x0000023f5ac26f90
Event: 11538.350 Thread 0x0000023f54bfeaf0 flushing  nmethod 0x0000023f5ac27390
Event: 11538.350 Thread 0x0000023f54bfeaf0 flushing  nmethod 0x0000023f5ac27790
Event: 11538.350 Thread 0x0000023f54bfeaf0 flushing  nmethod 0x0000023f5ac3b090
Event: 11538.350 Thread 0x0000023f54bfeaf0 flushing  nmethod 0x0000023f5ac6b510
Event: 11538.350 Thread 0x0000023f54bfeaf0 flushing  nmethod 0x0000023f5acc6f90
Event: 11538.350 Thread 0x0000023f54bfeaf0 flushing  nmethod 0x0000023f5acca290
Event: 11538.350 Thread 0x0000023f54bfeaf0 flushing  nmethod 0x0000023f5accee90
Event: 11538.350 Thread 0x0000023f54bfeaf0 flushing  nmethod 0x0000023f5accf290
Event: 11538.350 Thread 0x0000023f54bfeaf0 flushing  nmethod 0x0000023f5accf690
Event: 11538.350 Thread 0x0000023f54bfeaf0 flushing  nmethod 0x0000023f5acd0a10
Event: 11538.350 Thread 0x0000023f54bfeaf0 flushing  nmethod 0x0000023f5acdf310
Event: 11538.350 Thread 0x0000023f54bfeaf0 flushing  nmethod 0x0000023f5acfca10
Event: 11538.350 Thread 0x0000023f54bfeaf0 flushing  nmethod 0x0000023f5ad66010
Event: 11538.350 Thread 0x0000023f54bfeaf0 flushing  nmethod 0x0000023f5b0db990
Event: 11538.350 Thread 0x0000023f54bfeaf0 flushing  nmethod 0x0000023f5b109910

Events (20 events):
Event: 11498.497 Thread 0x0000023f7111b810 Thread added: 0x0000023f7111a460
Event: 11499.564 Thread 0x0000023f74f1f1e0 Thread added: 0x0000023f71114f10
Event: 11499.565 Thread 0x0000023f71114f10 Thread exited: 0x0000023f71114f10
Event: 11501.499 Thread 0x0000023f6a6914c0 Thread added: 0x0000023f73228730
Event: 11501.860 Thread 0x0000023f74f1f1e0 Thread added: 0x0000023f71117d00
Event: 11502.794 Thread 0x0000023f73228730 Thread exited: 0x0000023f73228730
Event: 11511.888 Thread 0x0000023f71117d00 Thread exited: 0x0000023f71117d00
Event: 11514.454 Thread 0x0000023f6a673f90 Thread added: 0x0000023f71efd3f0
Event: 11524.219 Thread 0x0000023f71efd3f0 Thread exited: 0x0000023f71efd3f0
Event: 11546.631 Thread 0x0000023f6a6914c0 Thread added: 0x0000023f71efd3f0
Event: 11548.023 Thread 0x0000023f71efd3f0 Thread exited: 0x0000023f71efd3f0
Event: 11550.685 Thread 0x0000023f7420fb10 Thread exited: 0x0000023f7420fb10
Event: 11551.015 Thread 0x0000023f711155a0 Thread added: 0x0000023f711162c0
Event: 11551.036 Thread 0x0000023f711162c0 Thread added: 0x0000023f71117670
Event: 11551.045 Thread 0x0000023f711155a0 Thread added: 0x0000023f71117d00
Event: 11551.045 Thread 0x0000023f71117670 Thread exited: 0x0000023f71117670
Event: 11551.338 Thread 0x0000023f71117d00 Thread exited: 0x0000023f71117d00
Event: 11561.375 Thread 0x0000023f7111a460 Thread exited: 0x0000023f7111a460
Event: 11561.863 Thread 0x0000023f74f1f1e0 Thread exited: 0x0000023f74f1f1e0
Event: 11586.935 Thread 0x0000023f7111b810 Thread added: 0x0000023f71117670


Dynamic libraries:
0x00007ff676650000 - 0x00007ff67665e000 	c:\Users\Jake\.vscode\extensions\redhat.java-1.40.0-win32-x64\jre\21.0.6-win32-x86_64\bin\java.exe
0x00007ffe0bef0000 - 0x00007ffe0c107000 	C:\Windows\SYSTEM32\ntdll.dll
0x00007ffe0a7a0000 - 0x00007ffe0a864000 	C:\Windows\System32\KERNEL32.DLL
0x00007ffe09810000 - 0x00007ffe09be0000 	C:\Windows\System32\KERNELBASE.dll
0x00007ffe094d0000 - 0x00007ffe095e1000 	C:\Windows\System32\ucrtbase.dll
0x00007ffdcfc50000 - 0x00007ffdcfc68000 	c:\Users\Jake\.vscode\extensions\redhat.java-1.40.0-win32-x64\jre\21.0.6-win32-x86_64\bin\jli.dll
0x00007ffe0ba30000 - 0x00007ffe0bbde000 	C:\Windows\System32\USER32.dll
0x00007ffe09670000 - 0x00007ffe09696000 	C:\Windows\System32\win32u.dll
0x00007ffe0a870000 - 0x00007ffe0a899000 	C:\Windows\System32\GDI32.dll
0x00007ffe091a0000 - 0x00007ffe092bb000 	C:\Windows\System32\gdi32full.dll
0x00007ffe093b0000 - 0x00007ffe0944a000 	C:\Windows\System32\msvcp_win.dll
0x00007ffdcfe90000 - 0x00007ffdcfeae000 	c:\Users\Jake\.vscode\extensions\redhat.java-1.40.0-win32-x64\jre\21.0.6-win32-x86_64\bin\VCRUNTIME140.dll
0x00007ffdf4100000 - 0x00007ffdf4392000 	C:\Windows\WinSxS\amd64_microsoft.windows.common-controls_6595b64144ccf1df_6.0.22621.4830_none_270fe7d773858e80\COMCTL32.dll
0x00007ffe0a2f0000 - 0x00007ffe0a397000 	C:\Windows\System32\msvcrt.dll
0x00007ffe0b830000 - 0x00007ffe0b861000 	C:\Windows\System32\IMM32.DLL
0x00007ffde3fc0000 - 0x00007ffde3fcc000 	c:\Users\Jake\.vscode\extensions\redhat.java-1.40.0-win32-x64\jre\21.0.6-win32-x86_64\bin\vcruntime140_1.dll
0x00007ffda8090000 - 0x00007ffda811d000 	c:\Users\Jake\.vscode\extensions\redhat.java-1.40.0-win32-x64\jre\21.0.6-win32-x86_64\bin\msvcp140.dll
0x00007ffd9b0e0000 - 0x00007ffd9be70000 	c:\Users\Jake\.vscode\extensions\redhat.java-1.40.0-win32-x64\jre\21.0.6-win32-x86_64\bin\server\jvm.dll
0x00007ffe0a6e0000 - 0x00007ffe0a791000 	C:\Windows\System32\ADVAPI32.dll
0x00007ffe0be00000 - 0x00007ffe0bea7000 	C:\Windows\System32\sechost.dll
0x00007ffe09380000 - 0x00007ffe093a8000 	C:\Windows\System32\bcrypt.dll
0x00007ffe0a3a0000 - 0x00007ffe0a4b4000 	C:\Windows\System32\RPCRT4.dll
0x00007ffe0a0f0000 - 0x00007ffe0a161000 	C:\Windows\System32\WS2_32.dll
0x00007ffe09070000 - 0x00007ffe090bd000 	C:\Windows\SYSTEM32\POWRPROF.dll
0x00007ffe011d0000 - 0x00007ffe01204000 	C:\Windows\SYSTEM32\WINMM.dll
0x00007ffdf53d0000 - 0x00007ffdf53da000 	C:\Windows\SYSTEM32\VERSION.dll
0x00007ffe09050000 - 0x00007ffe09063000 	C:\Windows\SYSTEM32\UMPDC.dll
0x00007ffe081a0000 - 0x00007ffe081b8000 	C:\Windows\SYSTEM32\kernel.appcore.dll
0x00007ffde3ed0000 - 0x00007ffde3eda000 	c:\Users\Jake\.vscode\extensions\redhat.java-1.40.0-win32-x64\jre\21.0.6-win32-x86_64\bin\jimage.dll
0x00007ffe069e0000 - 0x00007ffe06c12000 	C:\Windows\SYSTEM32\DBGHELP.DLL
0x00007ffe0a8a0000 - 0x00007ffe0ac30000 	C:\Windows\System32\combase.dll
0x00007ffe0bd20000 - 0x00007ffe0bdf7000 	C:\Windows\System32\OLEAUT32.dll
0x00007ffdd5430000 - 0x00007ffdd5462000 	C:\Windows\SYSTEM32\dbgcore.DLL
0x00007ffe09450000 - 0x00007ffe094cb000 	C:\Windows\System32\bcryptPrimitives.dll
0x00007ffdddbc0000 - 0x00007ffdddbcf000 	c:\Users\Jake\.vscode\extensions\redhat.java-1.40.0-win32-x64\jre\21.0.6-win32-x86_64\bin\instrument.dll
0x00007ffdce480000 - 0x00007ffdce49f000 	c:\Users\Jake\.vscode\extensions\redhat.java-1.40.0-win32-x64\jre\21.0.6-win32-x86_64\bin\java.dll
0x00007ffe0ad40000 - 0x00007ffe0b5b8000 	C:\Windows\System32\SHELL32.dll
0x00007ffe070a0000 - 0x00007ffe079b0000 	C:\Windows\SYSTEM32\windows.storage.dll
0x00007ffe06f60000 - 0x00007ffe0709f000 	C:\Windows\SYSTEM32\wintypes.dll
0x00007ffe0bbe0000 - 0x00007ffe0bcea000 	C:\Windows\System32\SHCORE.dll
0x00007ffe0b7d0000 - 0x00007ffe0b82e000 	C:\Windows\System32\shlwapi.dll
0x00007ffe090d0000 - 0x00007ffe090fb000 	C:\Windows\SYSTEM32\profapi.dll
0x00007ffdcecb0000 - 0x00007ffdcecc8000 	c:\Users\Jake\.vscode\extensions\redhat.java-1.40.0-win32-x64\jre\21.0.6-win32-x86_64\bin\zip.dll
0x00007ffdd6900000 - 0x00007ffdd6910000 	C:\Users\Jake\.vscode\extensions\redhat.java-1.40.0-win32-x64\jre\21.0.6-win32-x86_64\bin\net.dll
0x00007ffe04ec0000 - 0x00007ffe04fec000 	C:\Windows\SYSTEM32\WINHTTP.dll
0x00007ffe08610000 - 0x00007ffe0867a000 	C:\Windows\system32\mswsock.dll
0x00007ffdc9da0000 - 0x00007ffdc9db6000 	C:\Users\Jake\.vscode\extensions\redhat.java-1.40.0-win32-x64\jre\21.0.6-win32-x86_64\bin\nio.dll
0x00007ffdd6510000 - 0x00007ffdd6520000 	c:\Users\Jake\.vscode\extensions\redhat.java-1.40.0-win32-x64\jre\21.0.6-win32-x86_64\bin\verify.dll
0x00007ffdd1ef0000 - 0x00007ffdd1f35000 	C:\Users\Jake\AppData\Roaming\Code\User\globalStorage\redhat.java\1.40.0\config_win\org.eclipse.equinox.launcher\org.eclipse.equinox.launcher.win32.win32.x86_64_1.2.1200.v20250212-0927\eclipse_11909.dll
0x00007ffe0b870000 - 0x00007ffe0ba11000 	C:\Windows\System32\ole32.dll
0x00007ffe08960000 - 0x00007ffe0897b000 	C:\Windows\SYSTEM32\CRYPTSP.dll
0x00007ffe08100000 - 0x00007ffe08135000 	C:\Windows\system32\rsaenh.dll
0x00007ffe086b0000 - 0x00007ffe086d8000 	C:\Windows\SYSTEM32\USERENV.dll
0x00007ffe08940000 - 0x00007ffe0894c000 	C:\Windows\SYSTEM32\CRYPTBASE.dll
0x00007ffe07c50000 - 0x00007ffe07c7d000 	C:\Windows\SYSTEM32\IPHLPAPI.DLL
0x00007ffe0a290000 - 0x00007ffe0a299000 	C:\Windows\System32\NSI.dll
0x00007ffda48e0000 - 0x00007ffda4929000 	C:\Users\Jake\AppData\Local\Temp\jna-2301169\jna8841329943883302581.dll
0x00007ffe0ba20000 - 0x00007ffe0ba28000 	C:\Windows\System32\PSAPI.DLL
0x00007ffe01fd0000 - 0x00007ffe01fe9000 	C:\Windows\SYSTEM32\dhcpcsvc6.DLL
0x00007ffe01ab0000 - 0x00007ffe01acf000 	C:\Windows\SYSTEM32\dhcpcsvc.DLL
0x00007ffdf6fe0000 - 0x00007ffdf6fee000 	C:\Users\Jake\.vscode\extensions\redhat.java-1.40.0-win32-x64\jre\21.0.6-win32-x86_64\bin\sunmscapi.dll
0x00007ffe096a0000 - 0x00007ffe09806000 	C:\Windows\System32\CRYPT32.dll
0x00007ffe08a70000 - 0x00007ffe08a9d000 	C:\Windows\SYSTEM32\ncrypt.dll
0x00007ffe08a30000 - 0x00007ffe08a67000 	C:\Windows\SYSTEM32\NTASN1.dll
0x00007ffe07cd0000 - 0x00007ffe07dd2000 	C:\Windows\SYSTEM32\DNSAPI.dll
0x0000000066760000 - 0x0000000066786000 	C:\Program Files\Bonjour\mdnsNSP.dll
0x00007ffe02090000 - 0x00007ffe0209a000 	C:\Windows\System32\rasadhlp.dll
0x00007ffe014a0000 - 0x00007ffe01523000 	C:\Windows\System32\fwpuclnt.dll
0x00007ffdf6fd0000 - 0x00007ffdf6fd9000 	C:\Users\Jake\.vscode\extensions\redhat.java-1.40.0-win32-x64\jre\21.0.6-win32-x86_64\bin\extnet.dll

dbghelp: loaded successfully - version: 4.0.5 - missing functions: none
symbol engine: initialized successfully - sym options: 0x614 - pdb path: .;c:\Users\Jake\.vscode\extensions\redhat.java-1.40.0-win32-x64\jre\21.0.6-win32-x86_64\bin;C:\Windows\SYSTEM32;C:\Windows\WinSxS\amd64_microsoft.windows.common-controls_6595b64144ccf1df_6.0.22621.4830_none_270fe7d773858e80;c:\Users\Jake\.vscode\extensions\redhat.java-1.40.0-win32-x64\jre\21.0.6-win32-x86_64\bin\server;C:\Users\Jake\AppData\Roaming\Code\User\globalStorage\redhat.java\1.40.0\config_win\org.eclipse.equinox.launcher\org.eclipse.equinox.launcher.win32.win32.x86_64_1.2.1200.v20250212-0927;C:\Users\Jake\AppData\Local\Temp\jna-2301169;C:\Program Files\Bonjour

VM Arguments:
jvm_args: --add-modules=ALL-SYSTEM --add-opens=java.base/java.util=ALL-UNNAMED --add-opens=java.base/java.lang=ALL-UNNAMED --add-opens=java.base/sun.nio.fs=ALL-UNNAMED -Declipse.application=org.eclipse.jdt.ls.core.id1 -Dosgi.bundles.defaultStartLevel=4 -Declipse.product=org.eclipse.jdt.ls.core.product -Djava.import.generatesMetadataFilesAtProjectRoot=false -DDetectVMInstallationsJob.disabled=true -Dfile.encoding=utf8 -XX:+UseParallelGC -XX:GCTimeRatio=4 -XX:AdaptiveSizePolicyWeight=90 -Dsun.zip.disableMemoryMapping=true -Xmx1G -Xms100m -Xlog:disable -javaagent:c:\Users\Jake\.vscode\extensions\redhat.java-1.40.0-win32-x64\lombok\lombok-1.18.36.jar -XX:+HeapDumpOnOutOfMemoryError -XX:HeapDumpPath=c:\Users\Jake\AppData\Roaming\Code\User\workspaceStorage\1d69903e879d3bd5bf9cc7121269b842\redhat.java -Daether.dependencyCollector.impl=bf 
java_command: c:\Users\Jake\.vscode\extensions\redhat.java-1.40.0-win32-x64\server\plugins\org.eclipse.equinox.launcher_1.6.1000.v20250131-0606.jar -configuration c:\Users\Jake\AppData\Roaming\Code\User\globalStorage\redhat.java\1.40.0\config_win -data c:\Users\Jake\AppData\Roaming\Code\User\workspaceStorage\1d69903e879d3bd5bf9cc7121269b842\redhat.java\jdt_ws --pipe=\\.\pipe\lsp-628c51c177da420a8702ca4e0eb90e2c-sock
java_class_path (initial): c:\Users\Jake\.vscode\extensions\redhat.java-1.40.0-win32-x64\server\plugins\org.eclipse.equinox.launcher_1.6.1000.v20250131-0606.jar
Launcher Type: SUN_STANDARD

[Global flags]
    uintx AdaptiveSizePolicyWeight                 = 90                                        {product} {command line}
     intx CICompilerCount                          = 12                                        {product} {ergonomic}
    uintx GCTimeRatio                              = 4                                         {product} {command line}
     bool HeapDumpOnOutOfMemoryError               = true                                   {manageable} {command line}
    ccstr HeapDumpPath                             = c:\Users\Jake\AppData\Roaming\Code\User\workspaceStorage\1d69903e879d3bd5bf9cc7121269b842\redhat.java         {manageable} {command line}
   size_t InitialHeapSize                          = 104857600                                 {product} {command line}
   size_t MaxHeapSize                              = 1073741824                                {product} {command line}
   size_t MaxNewSize                               = 357564416                                 {product} {ergonomic}
   size_t MinHeapDeltaBytes                        = 524288                                    {product} {ergonomic}
   size_t MinHeapSize                              = 104857600                                 {product} {command line}
   size_t NewSize                                  = 34603008                                  {product} {ergonomic}
    uintx NonNMethodCodeHeapSize                   = 7602480                                {pd product} {ergonomic}
    uintx NonProfiledCodeHeapSize                  = 122027880                              {pd product} {ergonomic}
   size_t OldSize                                  = 70254592                                  {product} {ergonomic}
    uintx ProfiledCodeHeapSize                     = 122027880                              {pd product} {ergonomic}
    uintx ReservedCodeCacheSize                    = 251658240                              {pd product} {ergonomic}
     bool SegmentedCodeCache                       = true                                      {product} {ergonomic}
   size_t SoftMaxHeapSize                          = 1073741824                             {manageable} {ergonomic}
     bool UseCompressedOops                        = true                           {product lp64_product} {ergonomic}
     bool UseLargePagesIndividualAllocation        = false                                  {pd product} {ergonomic}
     bool UseParallelGC                            = true                                      {product} {command line}

Logging:
Log output configuration:
 #0: stdout all=off uptime,level,tags foldmultilines=false
 #1: stderr all=off uptime,level,tags foldmultilines=false

Environment Variables:
JAVA_HOME=C:\Program Files\Java\jdk-23
PATH=C:\Program Files\Common Files\Oracle\Java\javapath;C:\Windows\system32;C:\Windows;C:\Windows\System32\Wbem;C:\Windows\System32\WindowsPowerShell\v1.0\;C:\Windows\System32\OpenSSH\;C:\Program Files\dotnet\;C:\ProgramData\chocolatey\bin;C:\Program Files\Git\cmd;C:\Program Files\Docker\Docker\resources\bin;C:\Program Files (x86)\Yarn\bin\;C:\Program Files\WireGuard\;C:\Users\Jake\AppData\Local\nvm;C:\nvm4w\nodejs;C:\Program Files\Java\jdk-23\bin;C:\Program Files\PostgreSQL\17\bin;C:\Users\Jake\AppData\Local\Programs\Python\Launcher\;C:\Users\Jake\AppData\Local\Microsoft\WindowsApps;C:\Users\Jake\AppData\Local\Programs\Microsoft VS Code\bin;C:\Users\Jake\AppData\Local\GitHubDesktop\bin;C:\Users\Jake\AppData\Roaming\npm;C:\Users\Jake\AppData\Local\Yarn\bin;C:\Users\Jake\AppData\Local\nvm;C:\nvm4w\nodejs;C:\Program Files\JetBrains\IntelliJ IDEA 2024.3.1\bin;;C:\Users\Jake\Downloads\apache-maven-3.9.9-bin\apache-maven-3.9.9\bin;
USERNAME=Jake
OS=Windows_NT
PROCESSOR_IDENTIFIER=Intel64 Family 6 Model 191 Stepping 2, GenuineIntel
TMP=C:\Users\Jake\AppData\Local\Temp
TEMP=C:\Users\Jake\AppData\Local\Temp




Periodic native trim disabled

---------------  S Y S T E M  ---------------

OS:
 Windows 11 , 64 bit Build 22621 (10.0.22621.4830)
OS uptime: 21 days 1:16 hours
Hyper-V role detected

CPU: total 20 (initial active 20) (10 cores per cpu, 2 threads per core) family 6 model 191 stepping 2 microcode 0x36, cx8, cmov, fxsr, ht, mmx, 3dnowpref, sse, sse2, sse3, ssse3, sse4.1, sse4.2, popcnt, lzcnt, tsc, tscinvbit, avx, avx2, aes, erms, clmul, bmi1, bmi2, adx, sha, fma, vzeroupper, clflush, clflushopt, clwb, hv, serialize, rdtscp, rdpid, fsrm, f16c, cet_ibt, cet_ss
Processor Information for processor 0
  Max Mhz: 1600, Current Mhz: 1600, Mhz Limit: 1600
Processor Information for processor 1
  Max Mhz: 1600, Current Mhz: 1600, Mhz Limit: 1600
Processor Information for processor 2
  Max Mhz: 1600, Current Mhz: 1600, Mhz Limit: 1600
Processor Information for processor 3
  Max Mhz: 1600, Current Mhz: 1600, Mhz Limit: 1600
Processor Information for processor 4
  Max Mhz: 1600, Current Mhz: 1600, Mhz Limit: 1600
Processor Information for processor 5
  Max Mhz: 1600, Current Mhz: 1600, Mhz Limit: 1600
Processor Information for processor 6
  Max Mhz: 1600, Current Mhz: 1600, Mhz Limit: 1600
Processor Information for processor 7
  Max Mhz: 1600, Current Mhz: 1600, Mhz Limit: 1600
Processor Information for processor 8
  Max Mhz: 1600, Current Mhz: 1600, Mhz Limit: 1600
Processor Information for processor 9
  Max Mhz: 1600, Current Mhz: 1600, Mhz Limit: 1600
Processor Information for processor 10
  Max Mhz: 1600, Current Mhz: 1600, Mhz Limit: 1600
Processor Information for processor 11
  Max Mhz: 1600, Current Mhz: 1600, Mhz Limit: 1600
Processor Information for processor 12
  Max Mhz: 1600, Current Mhz: 1200, Mhz Limit: 1200
Processor Information for processor 13
  Max Mhz: 1600, Current Mhz: 1200, Mhz Limit: 1200
Processor Information for processor 14
  Max Mhz: 1600, Current Mhz: 1200, Mhz Limit: 1200
Processor Information for processor 15
  Max Mhz: 1600, Current Mhz: 1200, Mhz Limit: 1200
Processor Information for processor 16
  Max Mhz: 1600, Current Mhz: 1200, Mhz Limit: 1200
Processor Information for processor 17
  Max Mhz: 1600, Current Mhz: 1200, Mhz Limit: 1200
Processor Information for processor 18
  Max Mhz: 1600, Current Mhz: 1200, Mhz Limit: 1200
Processor Information for processor 19
  Max Mhz: 1600, Current Mhz: 1200, Mhz Limit: 1200

Memory: 4k page, system-wide physical 7880M (40M free)
TotalPageFile size 27880M (AvailPageFile size 34M)
current process WorkingSet (physical memory assigned to process): 273M, peak: 963M
current process commit charge ("private bytes"): 859M, peak: 1122M

vm_info: OpenJDK 64-Bit Server VM (21.0.6+7-LTS) for windows-amd64 JRE (21.0.6+7-LTS), built on 2025-01-21T00:00:00Z by "admin" with MS VC++ 17.7 (VS2022)

END.
